#
# There is insufficient memory for the Java Runtime Environment to continue.
# Native memory allocation (malloc) failed to allocate 344 bytes for AllocateHeap
# Possible reasons:
#   The system is out of physical RAM or swap space
#   The process is running with CompressedOops enabled, and the Java Heap may be blocking the growth of the native heap
# Possible solutions:
#   Reduce memory load on the system
#   Increase physical memory or swap space
#   Check if swap backing store is full
#   Decrease Java heap size (-Xmx/-Xms)
#   Decrease number of Java threads
#   Decrease Java thread stack sizes (-Xss)
#   Set larger code cache with -XX:ReservedCodeCacheSize=
#   JVM is running with Unscaled Compressed Oops mode in which the Java heap is
#     placed in the first 4GB address space. The Java Heap base address is the
#     maximum limit for the native heap growth. Please use -XX:HeapBaseMinAddress
#     to set the Java Heap base and to place the Java Heap above 4GB virtual address.
# This output file may be truncated or incomplete.
#
#  Out of Memory Error (src/hotspot/share/memory/allocation.cpp:46), pid=32460, tid=34136
#
# JRE version: OpenJDK Runtime Environment JBR-11.0.15.10-2043.56-jcef (11.0.15+10) (build 11.0.15+10-b2043.56)
# Java VM: OpenJDK 64-Bit Server VM JBR-11.0.15.10-2043.56-jcef (11.0.15+10-b2043.56, mixed mode, tiered, compressed oops, g1 gc, windows-amd64)
# No core dump will be written. Minidumps are not enabled by default on client versions of Windows
#

---------------  S U M M A R Y ------------

Command Line: -Djava.rmi.server.hostname=127.0.0.1 -Duser.timezone=UTC -Xmx750m -Xms128m -Dfile.encoding=UTF-8 com.intellij.database.remote.RemoteJdbcServer org.postgresql.Driver

Host: Intel(R) Core(TM) i5-7200U CPU @ 2.50GHz, 4 cores, 5G,  Windows 11 , 64 bit Build 22000 (10.0.22000.708)
Time: Sun Aug 14 17:42:49 2022 Turkey Standard Time elapsed time: 0.154343 seconds (0d 0h 0m 0s)

---------------  T H R E A D  ---------------

Current thread (0x0000023b17f3e800):  JavaThread "main" [_thread_in_vm, id=34136, stack(0x000000fbd8100000,0x000000fbd8200000)]

Stack: [0x000000fbd8100000,0x000000fbd8200000]
Native frames: (J=compiled Java code, j=interpreted, Vv=VM code, C=native code)
V  [jvm.dll+0x61612a]
V  [jvm.dll+0x79c450]
V  [jvm.dll+0x79da6d]
V  [jvm.dll+0x79e143]
V  [jvm.dll+0x24cc18]
V  [jvm.dll+0xb8a64]
V  [jvm.dll+0x61e79f]
V  [jvm.dll+0x61efcd]
V  [jvm.dll+0x5dd5ef]
V  [jvm.dll+0x3fa019]
C  [java.dll+0x41c1]

Java frames: (J=compiled Java code, j=interpreted, Vv=VM code)
j  java.lang.Module.addExports0(Ljava/lang/Module;Ljava/lang/String;Ljava/lang/Module;)V+0 java.base@11.0.15
j  java.lang.Module.initExports(Ljava/lang/Module;Ljava/util/Map;)V+122 java.base@11.0.15
j  java.lang.Module.defineModules(Ljava/lang/module/Configuration;Ljava/util/function/Function;Ljava/lang/ModuleLayer;)Ljava/util/Map;+686 java.base@11.0.15
j  java.lang.ModuleLayer.<init>(Ljava/lang/module/Configuration;Ljava/util/List;Ljava/util/function/Function;)V+34 java.base@11.0.15
j  java.lang.ModuleLayer.defineModules(Ljava/lang/module/Configuration;Ljava/util/List;Ljava/util/function/Function;)Ljava/lang/ModuleLayer$Controller;+40 java.base@11.0.15
j  java.lang.ModuleLayer.defineModules(Ljava/lang/module/Configuration;Ljava/util/function/Function;)Ljava/lang/ModuleLayer;+6 java.base@11.0.15
j  jdk.internal.module.ModuleBootstrap.boot()Ljava/lang/ModuleLayer;+1201 java.base@11.0.15
j  java.lang.System.initPhase2(ZZ)I+0 java.base@11.0.15
v  ~StubRoutines::call_stub

---------------  P R O C E S S  ---------------

Threads class SMR info:
_java_thread_list=0x0000023b2ec46c30, length=9, elements={
0x0000023b17f3e800, 0x0000023b2ec25800, 0x0000023b2ec2f000, 0x0000023b2f5e2800,
0x0000023b2ec42000, 0x0000023b2ec48800, 0x0000023b2ec4e000, 0x0000023b2ec50800,
0x0000023b2ec55000
}

Java Threads: ( => current thread )
=>0x0000023b17f3e800 JavaThread "main" [_thread_in_vm, id=34136, stack(0x000000fbd8100000,0x000000fbd8200000)]
  0x0000023b2ec25800 JavaThread "Reference Handler" daemon [_thread_blocked, id=32132, stack(0x000000fbd8800000,0x000000fbd8900000)]
  0x0000023b2ec2f000 JavaThread "Finalizer" daemon [_thread_blocked, id=35240, stack(0x000000fbd8900000,0x000000fbd8a00000)]
  0x0000023b2f5e2800 JavaThread "Signal Dispatcher" daemon [_thread_blocked, id=29292, stack(0x000000fbd8a00000,0x000000fbd8b00000)]
  0x0000023b2ec42000 JavaThread "Attach Listener" daemon [_thread_blocked, id=35264, stack(0x000000fbd8b00000,0x000000fbd8c00000)]
  0x0000023b2ec48800 JavaThread "Service Thread" daemon [_thread_blocked, id=33796, stack(0x000000fbd8c00000,0x000000fbd8d00000)]
  0x0000023b2ec4e000 JavaThread "C2 CompilerThread0" daemon [_thread_blocked, id=35028, stack(0x000000fbd8d00000,0x000000fbd8e00000)]
  0x0000023b2ec50800 JavaThread "C1 CompilerThread0" daemon [_thread_blocked, id=34748, stack(0x000000fbd8e00000,0x000000fbd8f00000)]
  0x0000023b2ec55000 JavaThread "Sweeper thread" daemon [_thread_blocked, id=27796, stack(0x000000fbd8f00000,0x000000fbd9000000)]

Other Threads:
  0x0000023b2ec00800 VMThread "VM Thread" [stack: 0x000000fbd8700000,0x000000fbd8800000] [id=32808]
  0x0000023b17f58800 GCTaskThread "GC Thread#0" [stack: 0x000000fbd8200000,0x000000fbd8300000] [id=35728]
  0x0000023b17f70000 ConcurrentGCThread "G1 Main Marker" [stack: 0x000000fbd8300000,0x000000fbd8400000] [id=31848]
  0x0000023b17f71800 ConcurrentGCThread "G1 Conc#0" [stack: 0x000000fbd8400000,0x000000fbd8500000] [id=27972]
  0x0000023b17ffe000 ConcurrentGCThread "G1 Refine#0" [stack: 0x000000fbd8500000,0x000000fbd8600000] [id=35080]
  0x0000023b18001000 ConcurrentGCThread "G1 Young RemSet Sampling" [stack: 0x000000fbd8600000,0x000000fbd8700000] [id=35384]

Threads with active compile tasks:

VM state:not at safepoint (normal execution)

VM Mutex/Monitor currently owned by a thread:  ([mutex/lock_event])
[0x0000023b17f3bff0] Module_lock - owner thread: 0x0000023b17f3e800

Heap address: 0x00000000d1200000, size: 750 MB, Compressed Oops mode: 32-bit
Narrow klass base: 0x0000000000000000, Narrow klass shift: 3
Compressed class space size: 1073741824 Address: 0x0000000100000000

Heap:
 garbage-first heap   total 131072K, used 0K [0x00000000d1200000, 0x0000000100000000)
  region size 1024K, 1 young (1024K), 0 survivors (0K)
 Metaspace       used 3044K, capacity 4480K, committed 4480K, reserved 1056768K
  class space    used 251K, capacity 384K, committed 384K, reserved 1048576K
Heap Regions: E=young(eden), S=young(survivor), O=old, HS=humongous(starts), HC=humongous(continues), CS=collection set, F=free, A=archive, TAMS=top-at-mark-start (previous, next)
|   0|0x00000000d1200000, 0x00000000d1200000, 0x00000000d1300000|  0%| F|  |TAMS 0x00000000d1200000, 0x00000000d1200000| Untracked 
|   1|0x00000000d1300000, 0x00000000d1300000, 0x00000000d1400000|  0%| F|  |TAMS 0x00000000d1300000, 0x00000000d1300000| Untracked 
|   2|0x00000000d1400000, 0x00000000d1400000, 0x00000000d1500000|  0%| F|  |TAMS 0x00000000d1400000, 0x00000000d1400000| Untracked 
|   3|0x00000000d1500000, 0x00000000d1500000, 0x00000000d1600000|  0%| F|  |TAMS 0x00000000d1500000, 0x00000000d1500000| Untracked 
|   4|0x00000000d1600000, 0x00000000d1600000, 0x00000000d1700000|  0%| F|  |TAMS 0x00000000d1600000, 0x00000000d1600000| Untracked 
|   5|0x00000000d1700000, 0x00000000d1700000, 0x00000000d1800000|  0%| F|  |TAMS 0x00000000d1700000, 0x00000000d1700000| Untracked 
|   6|0x00000000d1800000, 0x00000000d1800000, 0x00000000d1900000|  0%| F|  |TAMS 0x00000000d1800000, 0x00000000d1800000| Untracked 
|   7|0x00000000d1900000, 0x00000000d1900000, 0x00000000d1a00000|  0%| F|  |TAMS 0x00000000d1900000, 0x00000000d1900000| Untracked 
|   8|0x00000000d1a00000, 0x00000000d1a00000, 0x00000000d1b00000|  0%| F|  |TAMS 0x00000000d1a00000, 0x00000000d1a00000| Untracked 
|   9|0x00000000d1b00000, 0x00000000d1b00000, 0x00000000d1c00000|  0%| F|  |TAMS 0x00000000d1b00000, 0x00000000d1b00000| Untracked 
|  10|0x00000000d1c00000, 0x00000000d1c00000, 0x00000000d1d00000|  0%| F|  |TAMS 0x00000000d1c00000, 0x00000000d1c00000| Untracked 
|  11|0x00000000d1d00000, 0x00000000d1d00000, 0x00000000d1e00000|  0%| F|  |TAMS 0x00000000d1d00000, 0x00000000d1d00000| Untracked 
|  12|0x00000000d1e00000, 0x00000000d1e00000, 0x00000000d1f00000|  0%| F|  |TAMS 0x00000000d1e00000, 0x00000000d1e00000| Untracked 
|  13|0x00000000d1f00000, 0x00000000d1f00000, 0x00000000d2000000|  0%| F|  |TAMS 0x00000000d1f00000, 0x00000000d1f00000| Untracked 
|  14|0x00000000d2000000, 0x00000000d2000000, 0x00000000d2100000|  0%| F|  |TAMS 0x00000000d2000000, 0x00000000d2000000| Untracked 
|  15|0x00000000d2100000, 0x00000000d2100000, 0x00000000d2200000|  0%| F|  |TAMS 0x00000000d2100000, 0x00000000d2100000| Untracked 
|  16|0x00000000d2200000, 0x00000000d2200000, 0x00000000d2300000|  0%| F|  |TAMS 0x00000000d2200000, 0x00000000d2200000| Untracked 
|  17|0x00000000d2300000, 0x00000000d2300000, 0x00000000d2400000|  0%| F|  |TAMS 0x00000000d2300000, 0x00000000d2300000| Untracked 
|  18|0x00000000d2400000, 0x00000000d2400000, 0x00000000d2500000|  0%| F|  |TAMS 0x00000000d2400000, 0x00000000d2400000| Untracked 
|  19|0x00000000d2500000, 0x00000000d2500000, 0x00000000d2600000|  0%| F|  |TAMS 0x00000000d2500000, 0x00000000d2500000| Untracked 
|  20|0x00000000d2600000, 0x00000000d2600000, 0x00000000d2700000|  0%| F|  |TAMS 0x00000000d2600000, 0x00000000d2600000| Untracked 
|  21|0x00000000d2700000, 0x00000000d2700000, 0x00000000d2800000|  0%| F|  |TAMS 0x00000000d2700000, 0x00000000d2700000| Untracked 
|  22|0x00000000d2800000, 0x00000000d2800000, 0x00000000d2900000|  0%| F|  |TAMS 0x00000000d2800000, 0x00000000d2800000| Untracked 
|  23|0x00000000d2900000, 0x00000000d2900000, 0x00000000d2a00000|  0%| F|  |TAMS 0x00000000d2900000, 0x00000000d2900000| Untracked 
|  24|0x00000000d2a00000, 0x00000000d2a00000, 0x00000000d2b00000|  0%| F|  |TAMS 0x00000000d2a00000, 0x00000000d2a00000| Untracked 
|  25|0x00000000d2b00000, 0x00000000d2b00000, 0x00000000d2c00000|  0%| F|  |TAMS 0x00000000d2b00000, 0x00000000d2b00000| Untracked 
|  26|0x00000000d2c00000, 0x00000000d2c00000, 0x00000000d2d00000|  0%| F|  |TAMS 0x00000000d2c00000, 0x00000000d2c00000| Untracked 
|  27|0x00000000d2d00000, 0x00000000d2d00000, 0x00000000d2e00000|  0%| F|  |TAMS 0x00000000d2d00000, 0x00000000d2d00000| Untracked 
|  28|0x00000000d2e00000, 0x00000000d2e00000, 0x00000000d2f00000|  0%| F|  |TAMS 0x00000000d2e00000, 0x00000000d2e00000| Untracked 
|  29|0x00000000d2f00000, 0x00000000d2f00000, 0x00000000d3000000|  0%| F|  |TAMS 0x00000000d2f00000, 0x00000000d2f00000| Untracked 
|  30|0x00000000d3000000, 0x00000000d3000000, 0x00000000d3100000|  0%| F|  |TAMS 0x00000000d3000000, 0x00000000d3000000| Untracked 
|  31|0x00000000d3100000, 0x00000000d3100000, 0x00000000d3200000|  0%| F|  |TAMS 0x00000000d3100000, 0x00000000d3100000| Untracked 
|  32|0x00000000d3200000, 0x00000000d3200000, 0x00000000d3300000|  0%| F|  |TAMS 0x00000000d3200000, 0x00000000d3200000| Untracked 
|  33|0x00000000d3300000, 0x00000000d3300000, 0x00000000d3400000|  0%| F|  |TAMS 0x00000000d3300000, 0x00000000d3300000| Untracked 
|  34|0x00000000d3400000, 0x00000000d3400000, 0x00000000d3500000|  0%| F|  |TAMS 0x00000000d3400000, 0x00000000d3400000| Untracked 
|  35|0x00000000d3500000, 0x00000000d3500000, 0x00000000d3600000|  0%| F|  |TAMS 0x00000000d3500000, 0x00000000d3500000| Untracked 
|  36|0x00000000d3600000, 0x00000000d3600000, 0x00000000d3700000|  0%| F|  |TAMS 0x00000000d3600000, 0x00000000d3600000| Untracked 
|  37|0x00000000d3700000, 0x00000000d3700000, 0x00000000d3800000|  0%| F|  |TAMS 0x00000000d3700000, 0x00000000d3700000| Untracked 
|  38|0x00000000d3800000, 0x00000000d3800000, 0x00000000d3900000|  0%| F|  |TAMS 0x00000000d3800000, 0x00000000d3800000| Untracked 
|  39|0x00000000d3900000, 0x00000000d3900000, 0x00000000d3a00000|  0%| F|  |TAMS 0x00000000d3900000, 0x00000000d3900000| Untracked 
|  40|0x00000000d3a00000, 0x00000000d3a00000, 0x00000000d3b00000|  0%| F|  |TAMS 0x00000000d3a00000, 0x00000000d3a00000| Untracked 
|  41|0x00000000d3b00000, 0x00000000d3b00000, 0x00000000d3c00000|  0%| F|  |TAMS 0x00000000d3b00000, 0x00000000d3b00000| Untracked 
|  42|0x00000000d3c00000, 0x00000000d3c00000, 0x00000000d3d00000|  0%| F|  |TAMS 0x00000000d3c00000, 0x00000000d3c00000| Untracked 
|  43|0x00000000d3d00000, 0x00000000d3d00000, 0x00000000d3e00000|  0%| F|  |TAMS 0x00000000d3d00000, 0x00000000d3d00000| Untracked 
|  44|0x00000000d3e00000, 0x00000000d3e00000, 0x00000000d3f00000|  0%| F|  |TAMS 0x00000000d3e00000, 0x00000000d3e00000| Untracked 
|  45|0x00000000d3f00000, 0x00000000d3f00000, 0x00000000d4000000|  0%| F|  |TAMS 0x00000000d3f00000, 0x00000000d3f00000| Untracked 
|  46|0x00000000d4000000, 0x00000000d4000000, 0x00000000d4100000|  0%| F|  |TAMS 0x00000000d4000000, 0x00000000d4000000| Untracked 
|  47|0x00000000d4100000, 0x00000000d4100000, 0x00000000d4200000|  0%| F|  |TAMS 0x00000000d4100000, 0x00000000d4100000| Untracked 
|  48|0x00000000d4200000, 0x00000000d4200000, 0x00000000d4300000|  0%| F|  |TAMS 0x00000000d4200000, 0x00000000d4200000| Untracked 
|  49|0x00000000d4300000, 0x00000000d4300000, 0x00000000d4400000|  0%| F|  |TAMS 0x00000000d4300000, 0x00000000d4300000| Untracked 
|  50|0x00000000d4400000, 0x00000000d4400000, 0x00000000d4500000|  0%| F|  |TAMS 0x00000000d4400000, 0x00000000d4400000| Untracked 
|  51|0x00000000d4500000, 0x00000000d4500000, 0x00000000d4600000|  0%| F|  |TAMS 0x00000000d4500000, 0x00000000d4500000| Untracked 
|  52|0x00000000d4600000, 0x00000000d4600000, 0x00000000d4700000|  0%| F|  |TAMS 0x00000000d4600000, 0x00000000d4600000| Untracked 
|  53|0x00000000d4700000, 0x00000000d4700000, 0x00000000d4800000|  0%| F|  |TAMS 0x00000000d4700000, 0x00000000d4700000| Untracked 
|  54|0x00000000d4800000, 0x00000000d4800000, 0x00000000d4900000|  0%| F|  |TAMS 0x00000000d4800000, 0x00000000d4800000| Untracked 
|  55|0x00000000d4900000, 0x00000000d4900000, 0x00000000d4a00000|  0%| F|  |TAMS 0x00000000d4900000, 0x00000000d4900000| Untracked 
|  56|0x00000000d4a00000, 0x00000000d4a00000, 0x00000000d4b00000|  0%| F|  |TAMS 0x00000000d4a00000, 0x00000000d4a00000| Untracked 
|  57|0x00000000d4b00000, 0x00000000d4b00000, 0x00000000d4c00000|  0%| F|  |TAMS 0x00000000d4b00000, 0x00000000d4b00000| Untracked 
|  58|0x00000000d4c00000, 0x00000000d4c00000, 0x00000000d4d00000|  0%| F|  |TAMS 0x00000000d4c00000, 0x00000000d4c00000| Untracked 
|  59|0x00000000d4d00000, 0x00000000d4d00000, 0x00000000d4e00000|  0%| F|  |TAMS 0x00000000d4d00000, 0x00000000d4d00000| Untracked 
|  60|0x00000000d4e00000, 0x00000000d4e00000, 0x00000000d4f00000|  0%| F|  |TAMS 0x00000000d4e00000, 0x00000000d4e00000| Untracked 
|  61|0x00000000d4f00000, 0x00000000d4f00000, 0x00000000d5000000|  0%| F|  |TAMS 0x00000000d4f00000, 0x00000000d4f00000| Untracked 
|  62|0x00000000d5000000, 0x00000000d5000000, 0x00000000d5100000|  0%| F|  |TAMS 0x00000000d5000000, 0x00000000d5000000| Untracked 
|  63|0x00000000d5100000, 0x00000000d5100000, 0x00000000d5200000|  0%| F|  |TAMS 0x00000000d5100000, 0x00000000d5100000| Untracked 
|  64|0x00000000d5200000, 0x00000000d5200000, 0x00000000d5300000|  0%| F|  |TAMS 0x00000000d5200000, 0x00000000d5200000| Untracked 
|  65|0x00000000d5300000, 0x00000000d5300000, 0x00000000d5400000|  0%| F|  |TAMS 0x00000000d5300000, 0x00000000d5300000| Untracked 
|  66|0x00000000d5400000, 0x00000000d5400000, 0x00000000d5500000|  0%| F|  |TAMS 0x00000000d5400000, 0x00000000d5400000| Untracked 
|  67|0x00000000d5500000, 0x00000000d5500000, 0x00000000d5600000|  0%| F|  |TAMS 0x00000000d5500000, 0x00000000d5500000| Untracked 
|  68|0x00000000d5600000, 0x00000000d5600000, 0x00000000d5700000|  0%| F|  |TAMS 0x00000000d5600000, 0x00000000d5600000| Untracked 
|  69|0x00000000d5700000, 0x00000000d5700000, 0x00000000d5800000|  0%| F|  |TAMS 0x00000000d5700000, 0x00000000d5700000| Untracked 
|  70|0x00000000d5800000, 0x00000000d5800000, 0x00000000d5900000|  0%| F|  |TAMS 0x00000000d5800000, 0x00000000d5800000| Untracked 
|  71|0x00000000d5900000, 0x00000000d5900000, 0x00000000d5a00000|  0%| F|  |TAMS 0x00000000d5900000, 0x00000000d5900000| Untracked 
|  72|0x00000000d5a00000, 0x00000000d5a00000, 0x00000000d5b00000|  0%| F|  |TAMS 0x00000000d5a00000, 0x00000000d5a00000| Untracked 
|  73|0x00000000d5b00000, 0x00000000d5b00000, 0x00000000d5c00000|  0%| F|  |TAMS 0x00000000d5b00000, 0x00000000d5b00000| Untracked 
|  74|0x00000000d5c00000, 0x00000000d5c00000, 0x00000000d5d00000|  0%| F|  |TAMS 0x00000000d5c00000, 0x00000000d5c00000| Untracked 
|  75|0x00000000d5d00000, 0x00000000d5d00000, 0x00000000d5e00000|  0%| F|  |TAMS 0x00000000d5d00000, 0x00000000d5d00000| Untracked 
|  76|0x00000000d5e00000, 0x00000000d5e00000, 0x00000000d5f00000|  0%| F|  |TAMS 0x00000000d5e00000, 0x00000000d5e00000| Untracked 
|  77|0x00000000d5f00000, 0x00000000d5f00000, 0x00000000d6000000|  0%| F|  |TAMS 0x00000000d5f00000, 0x00000000d5f00000| Untracked 
|  78|0x00000000d6000000, 0x00000000d6000000, 0x00000000d6100000|  0%| F|  |TAMS 0x00000000d6000000, 0x00000000d6000000| Untracked 
|  79|0x00000000d6100000, 0x00000000d6100000, 0x00000000d6200000|  0%| F|  |TAMS 0x00000000d6100000, 0x00000000d6100000| Untracked 
|  80|0x00000000d6200000, 0x00000000d6200000, 0x00000000d6300000|  0%| F|  |TAMS 0x00000000d6200000, 0x00000000d6200000| Untracked 
|  81|0x00000000d6300000, 0x00000000d6300000, 0x00000000d6400000|  0%| F|  |TAMS 0x00000000d6300000, 0x00000000d6300000| Untracked 
|  82|0x00000000d6400000, 0x00000000d6400000, 0x00000000d6500000|  0%| F|  |TAMS 0x00000000d6400000, 0x00000000d6400000| Untracked 
|  83|0x00000000d6500000, 0x00000000d6500000, 0x00000000d6600000|  0%| F|  |TAMS 0x00000000d6500000, 0x00000000d6500000| Untracked 
|  84|0x00000000d6600000, 0x00000000d6600000, 0x00000000d6700000|  0%| F|  |TAMS 0x00000000d6600000, 0x00000000d6600000| Untracked 
|  85|0x00000000d6700000, 0x00000000d6700000, 0x00000000d6800000|  0%| F|  |TAMS 0x00000000d6700000, 0x00000000d6700000| Untracked 
|  86|0x00000000d6800000, 0x00000000d6800000, 0x00000000d6900000|  0%| F|  |TAMS 0x00000000d6800000, 0x00000000d6800000| Untracked 
|  87|0x00000000d6900000, 0x00000000d6900000, 0x00000000d6a00000|  0%| F|  |TAMS 0x00000000d6900000, 0x00000000d6900000| Untracked 
|  88|0x00000000d6a00000, 0x00000000d6a00000, 0x00000000d6b00000|  0%| F|  |TAMS 0x00000000d6a00000, 0x00000000d6a00000| Untracked 
|  89|0x00000000d6b00000, 0x00000000d6b00000, 0x00000000d6c00000|  0%| F|  |TAMS 0x00000000d6b00000, 0x00000000d6b00000| Untracked 
|  90|0x00000000d6c00000, 0x00000000d6c00000, 0x00000000d6d00000|  0%| F|  |TAMS 0x00000000d6c00000, 0x00000000d6c00000| Untracked 
|  91|0x00000000d6d00000, 0x00000000d6d00000, 0x00000000d6e00000|  0%| F|  |TAMS 0x00000000d6d00000, 0x00000000d6d00000| Untracked 
|  92|0x00000000d6e00000, 0x00000000d6e00000, 0x00000000d6f00000|  0%| F|  |TAMS 0x00000000d6e00000, 0x00000000d6e00000| Untracked 
|  93|0x00000000d6f00000, 0x00000000d6f00000, 0x00000000d7000000|  0%| F|  |TAMS 0x00000000d6f00000, 0x00000000d6f00000| Untracked 
|  94|0x00000000d7000000, 0x00000000d7000000, 0x00000000d7100000|  0%| F|  |TAMS 0x00000000d7000000, 0x00000000d7000000| Untracked 
|  95|0x00000000d7100000, 0x00000000d7100000, 0x00000000d7200000|  0%| F|  |TAMS 0x00000000d7100000, 0x00000000d7100000| Untracked 
|  96|0x00000000d7200000, 0x00000000d7200000, 0x00000000d7300000|  0%| F|  |TAMS 0x00000000d7200000, 0x00000000d7200000| Untracked 
|  97|0x00000000d7300000, 0x00000000d7300000, 0x00000000d7400000|  0%| F|  |TAMS 0x00000000d7300000, 0x00000000d7300000| Untracked 
|  98|0x00000000d7400000, 0x00000000d7400000, 0x00000000d7500000|  0%| F|  |TAMS 0x00000000d7400000, 0x00000000d7400000| Untracked 
|  99|0x00000000d7500000, 0x00000000d7500000, 0x00000000d7600000|  0%| F|  |TAMS 0x00000000d7500000, 0x00000000d7500000| Untracked 
| 100|0x00000000d7600000, 0x00000000d7600000, 0x00000000d7700000|  0%| F|  |TAMS 0x00000000d7600000, 0x00000000d7600000| Untracked 
| 101|0x00000000d7700000, 0x00000000d7700000, 0x00000000d7800000|  0%| F|  |TAMS 0x00000000d7700000, 0x00000000d7700000| Untracked 
| 102|0x00000000d7800000, 0x00000000d7800000, 0x00000000d7900000|  0%| F|  |TAMS 0x00000000d7800000, 0x00000000d7800000| Untracked 
| 103|0x00000000d7900000, 0x00000000d7900000, 0x00000000d7a00000|  0%| F|  |TAMS 0x00000000d7900000, 0x00000000d7900000| Untracked 
| 104|0x00000000d7a00000, 0x00000000d7a00000, 0x00000000d7b00000|  0%| F|  |TAMS 0x00000000d7a00000, 0x00000000d7a00000| Untracked 
| 105|0x00000000d7b00000, 0x00000000d7b00000, 0x00000000d7c00000|  0%| F|  |TAMS 0x00000000d7b00000, 0x00000000d7b00000| Untracked 
| 106|0x00000000d7c00000, 0x00000000d7c00000, 0x00000000d7d00000|  0%| F|  |TAMS 0x00000000d7c00000, 0x00000000d7c00000| Untracked 
| 107|0x00000000d7d00000, 0x00000000d7d00000, 0x00000000d7e00000|  0%| F|  |TAMS 0x00000000d7d00000, 0x00000000d7d00000| Untracked 
| 108|0x00000000d7e00000, 0x00000000d7e00000, 0x00000000d7f00000|  0%| F|  |TAMS 0x00000000d7e00000, 0x00000000d7e00000| Untracked 
| 109|0x00000000d7f00000, 0x00000000d7f00000, 0x00000000d8000000|  0%| F|  |TAMS 0x00000000d7f00000, 0x00000000d7f00000| Untracked 
| 110|0x00000000d8000000, 0x00000000d8000000, 0x00000000d8100000|  0%| F|  |TAMS 0x00000000d8000000, 0x00000000d8000000| Untracked 
| 111|0x00000000d8100000, 0x00000000d8100000, 0x00000000d8200000|  0%| F|  |TAMS 0x00000000d8100000, 0x00000000d8100000| Untracked 
| 112|0x00000000d8200000, 0x00000000d8200000, 0x00000000d8300000|  0%| F|  |TAMS 0x00000000d8200000, 0x00000000d8200000| Untracked 
| 113|0x00000000d8300000, 0x00000000d8300000, 0x00000000d8400000|  0%| F|  |TAMS 0x00000000d8300000, 0x00000000d8300000| Untracked 
| 114|0x00000000d8400000, 0x00000000d8400000, 0x00000000d8500000|  0%| F|  |TAMS 0x00000000d8400000, 0x00000000d8400000| Untracked 
| 115|0x00000000d8500000, 0x00000000d8500000, 0x00000000d8600000|  0%| F|  |TAMS 0x00000000d8500000, 0x00000000d8500000| Untracked 
| 116|0x00000000d8600000, 0x00000000d8600000, 0x00000000d8700000|  0%| F|  |TAMS 0x00000000d8600000, 0x00000000d8600000| Untracked 
| 117|0x00000000d8700000, 0x00000000d8700000, 0x00000000d8800000|  0%| F|  |TAMS 0x00000000d8700000, 0x00000000d8700000| Untracked 
| 118|0x00000000d8800000, 0x00000000d8800000, 0x00000000d8900000|  0%| F|  |TAMS 0x00000000d8800000, 0x00000000d8800000| Untracked 
| 119|0x00000000d8900000, 0x00000000d8900000, 0x00000000d8a00000|  0%| F|  |TAMS 0x00000000d8900000, 0x00000000d8900000| Untracked 
| 120|0x00000000d8a00000, 0x00000000d8a00000, 0x00000000d8b00000|  0%| F|  |TAMS 0x00000000d8a00000, 0x00000000d8a00000| Untracked 
| 121|0x00000000d8b00000, 0x00000000d8b00000, 0x00000000d8c00000|  0%| F|  |TAMS 0x00000000d8b00000, 0x00000000d8b00000| Untracked 
| 122|0x00000000d8c00000, 0x00000000d8c00000, 0x00000000d8d00000|  0%| F|  |TAMS 0x00000000d8c00000, 0x00000000d8c00000| Untracked 
| 123|0x00000000d8d00000, 0x00000000d8d00000, 0x00000000d8e00000|  0%| F|  |TAMS 0x00000000d8d00000, 0x00000000d8d00000| Untracked 
| 124|0x00000000d8e00000, 0x00000000d8e00000, 0x00000000d8f00000|  0%| F|  |TAMS 0x00000000d8e00000, 0x00000000d8e00000| Untracked 
| 125|0x00000000d8f00000, 0x00000000d8f00000, 0x00000000d9000000|  0%| F|  |TAMS 0x00000000d8f00000, 0x00000000d8f00000| Untracked 
| 126|0x00000000d9000000, 0x00000000d9000000, 0x00000000d9100000|  0%| F|  |TAMS 0x00000000d9000000, 0x00000000d9000000| Untracked 
| 127|0x00000000d9100000, 0x00000000d9200000, 0x00000000d9200000|100%| E|  |TAMS 0x00000000d9100000, 0x00000000d9100000| Complete 

Card table byte_map: [0x0000023b2abb0000,0x0000023b2ad30000] _byte_map_base: 0x0000023b2a527000

Marking Bits (Prev, Next): (CMBitMap*) 0x0000023b17f6c758, (CMBitMap*) 0x0000023b17f6c790
 Prev Bits: [0x0000023b2aeb0000, 0x0000023b2ba68000)
 Next Bits: [0x0000023b2ba70000, 0x0000023b2c628000)

Polling page: 0x0000023b17720000

Metaspace:

Usage:
  Non-class:      4.00 MB capacity,     2.73 MB ( 68%) used,     1.27 MB ( 32%) free+waste,    64 bytes ( <1%) overhead. 
      Class:    384.00 KB capacity,   251.39 KB ( 65%) used,   132.55 KB ( 35%) free+waste,    64 bytes ( <1%) overhead. 
       Both:      4.38 MB capacity,     2.97 MB ( 68%) used,     1.40 MB ( 32%) free+waste,   128 bytes ( <1%) overhead. 

Virtual space:
  Non-class space:        8.00 MB reserved,       4.00 MB ( 50%) committed 
      Class space:        1.00 GB reserved,     384.00 KB ( <1%) committed 
             Both:        1.01 GB reserved,       4.38 MB ( <1%) committed 

Chunk freelists:
   Non-Class:  0 bytes
       Class:  0 bytes
        Both:  0 bytes

MaxMetaspaceSize: 17179869184.00 GB
CompressedClassSpaceSize: 1.00 GB
Initial GC threshold: 20.80 MB
Current GC threshold: 20.80 MB
CDS: off

CodeHeap 'non-profiled nmethods': size=120064Kb used=11Kb max_used=11Kb free=120052Kb
 bounds [0x0000023b23670000, 0x0000023b238e0000, 0x0000023b2abb0000]
CodeHeap 'profiled nmethods': size=120000Kb used=92Kb max_used=92Kb free=119907Kb
 bounds [0x0000023b1c140000, 0x0000023b1c3b0000, 0x0000023b23670000]
CodeHeap 'non-nmethods': size=5696Kb used=1014Kb max_used=1015Kb free=4681Kb
 bounds [0x0000023b1bbb0000, 0x0000023b1be20000, 0x0000023b1c140000]
 total_blobs=301 nmethods=68 adapters=146
 compilation: enabled
              stopped_count=0, restarted_count=0
 full_count=0

Compilation events (20 events):
Event: 0.149 Thread 0x0000023b2ec50800   59       3       java.util.ImmutableCollections$Set12$1::hasNext (13 bytes)
Event: 0.149 Thread 0x0000023b2ec50800 nmethod 59 0x0000023b1c154290 code [0x0000023b1c154440, 0x0000023b1c154598]
Event: 0.149 Thread 0x0000023b2ec50800   60       3       java.util.ImmutableCollections$MapN::get (35 bytes)
Event: 0.149 Thread 0x0000023b2ec50800 nmethod 60 0x0000023b1c154610 code [0x0000023b1c154800, 0x0000023b1c154b58]
Event: 0.149 Thread 0x0000023b2ec50800   61       1       java.lang.module.ModuleDescriptor$Exports::source (5 bytes)
Event: 0.149 Thread 0x0000023b2ec50800 nmethod 61 0x0000023b23672b10 code [0x0000023b23672cc0, 0x0000023b23672d78]
Event: 0.149 Thread 0x0000023b2ec50800   62       3       java.util.ImmutableCollections$Set12::size (13 bytes)
Event: 0.149 Thread 0x0000023b2ec50800 nmethod 62 0x0000023b1c154c90 code [0x0000023b1c154e40, 0x0000023b1c154fb8]
Event: 0.150 Thread 0x0000023b2ec50800   63       3       java.util.AbstractCollection::isEmpty (13 bytes)
Event: 0.150 Thread 0x0000023b2ec50800 nmethod 63 0x0000023b1c155090 code [0x0000023b1c155240, 0x0000023b1c155448]
Event: 0.150 Thread 0x0000023b2ec50800   64       3       java.lang.module.ModuleDescriptor$Exports::isQualified (18 bytes)
Event: 0.150 Thread 0x0000023b2ec50800 nmethod 64 0x0000023b1c155510 code [0x0000023b1c1556e0, 0x0000023b1c155908]
Event: 0.150 Thread 0x0000023b2ec50800   65       3       java.lang.module.ResolvedModule::name (11 bytes)
Event: 0.150 Thread 0x0000023b2ec50800 nmethod 65 0x0000023b1c155a10 code [0x0000023b1c155bc0, 0x0000023b1c155d38]
Event: 0.150 Thread 0x0000023b2ec50800   66       3       java.util.HashSet::add (20 bytes)
Event: 0.151 Thread 0x0000023b2ec50800 nmethod 66 0x0000023b1c155e10 code [0x0000023b1c156000, 0x0000023b1c156438]
Event: 0.151 Thread 0x0000023b2ec50800   67       3       java.util.ImmutableCollections$Set12$1::next (92 bytes)
Event: 0.151 Thread 0x0000023b2ec50800 nmethod 67 0x0000023b1c156590 code [0x0000023b1c156760, 0x0000023b1c156a08]
Event: 0.151 Thread 0x0000023b2ec50800   68       3       jdk.internal.module.ModuleReferenceImpl::hashCode (56 bytes)
Event: 0.151 Thread 0x0000023b2ec50800 nmethod 68 0x0000023b1c156b10 code [0x0000023b1c156d00, 0x0000023b1c157168]

GC Heap History (0 events):
No events

Deoptimization events (0 events):
No events

Classes redefined (0 events):
No events

Internal exceptions (0 events):
No events

Events (20 events):
Event: 0.138 loading class jdk/internal/module/ModuleLoaderMap$Mapper
Event: 0.138 loading class java/util/function/Function
Event: 0.139 loading class java/util/function/Function done
Event: 0.139 loading class jdk/internal/module/ModuleLoaderMap$Mapper done
Event: 0.141 loading class java/util/concurrent/ConcurrentHashMap$ForwardingNode
Event: 0.141 loading class java/util/concurrent/ConcurrentHashMap$ForwardingNode done
Event: 0.142 loading class java/lang/ModuleLayer
Event: 0.143 loading class java/lang/ModuleLayer done
Event: 0.143 loading class java/util/ImmutableCollections$ListItr
Event: 0.143 loading class java/util/ListIterator
Event: 0.143 loading class java/util/ListIterator done
Event: 0.143 loading class java/util/ImmutableCollections$ListItr done
Event: 0.143 loading class java/util/ArrayList$Itr
Event: 0.143 loading class java/util/ArrayList$Itr done
Event: 0.147 loading class java/util/Collections$UnmodifiableSet
Event: 0.147 loading class java/util/Collections$UnmodifiableCollection
Event: 0.147 loading class java/util/Collections$UnmodifiableCollection done
Event: 0.147 loading class java/util/Collections$UnmodifiableSet done
Event: 0.147 loading class java/util/Collections$UnmodifiableCollection$1
Event: 0.147 loading class java/util/Collections$UnmodifiableCollection$1 done


Dynamic libraries:
0x00007ff61bd30000 - 0x00007ff61bd3a000 	C:\Program Files\JetBrains\IntelliJ IDEA 2022.1.2\jbr\bin\java.exe
0x00007ffa53640000 - 0x00007ffa53849000 	C:\Windows\SYSTEM32\ntdll.dll
0x00007ffa52920000 - 0x00007ffa529dd000 	C:\Windows\System32\KERNEL32.DLL
0x00007ffa50b20000 - 0x00007ffa50e9d000 	C:\Windows\System32\KERNELBASE.dll
0x00007ffa51180000 - 0x00007ffa51291000 	C:\Windows\System32\ucrtbase.dll
0x00007ffa47240000 - 0x00007ffa47256000 	C:\Program Files\JetBrains\IntelliJ IDEA 2022.1.2\jbr\bin\VCRUNTIME140.dll
0x00007ffa2f8e0000 - 0x00007ffa2f8f9000 	C:\Program Files\JetBrains\IntelliJ IDEA 2022.1.2\jbr\bin\jli.dll
0x00007ffa52db0000 - 0x00007ffa52f5d000 	C:\Windows\System32\USER32.dll
0x00007ffa50ea0000 - 0x00007ffa50ec6000 	C:\Windows\System32\win32u.dll
0x00007ffa51ab0000 - 0x00007ffa51ad9000 	C:\Windows\System32\GDI32.dll
0x00007ffa50f50000 - 0x00007ffa51068000 	C:\Windows\System32\gdi32full.dll
0x00007ffa510e0000 - 0x00007ffa5117d000 	C:\Windows\System32\msvcp_win.dll
0x00007ffa36ea0000 - 0x00007ffa37145000 	C:\Windows\WinSxS\amd64_microsoft.windows.common-controls_6595b64144ccf1df_6.0.22000.120_none_9d947278b86cc467\COMCTL32.dll
0x00007ffa51530000 - 0x00007ffa515d3000 	C:\Windows\System32\msvcrt.dll
0x00007ffa52560000 - 0x00007ffa52591000 	C:\Windows\System32\IMM32.DLL
0x00007ffa2d9b0000 - 0x00007ffa2da5a000 	C:\Program Files\JetBrains\IntelliJ IDEA 2022.1.2\jbr\bin\msvcp140.dll
0x00007ff9e47f0000 - 0x00007ff9e536b000 	C:\Program Files\JetBrains\IntelliJ IDEA 2022.1.2\jbr\bin\server\jvm.dll
0x00007ffa52360000 - 0x00007ffa5240e000 	C:\Windows\System32\ADVAPI32.dll
0x00007ffa52f60000 - 0x00007ffa52ffe000 	C:\Windows\System32\sechost.dll
0x00007ffa525a0000 - 0x00007ffa526c0000 	C:\Windows\System32\RPCRT4.dll
0x00007ffa52b60000 - 0x00007ffa52b68000 	C:\Windows\System32\PSAPI.DLL
0x00007ffa4de10000 - 0x00007ffa4de19000 	C:\Windows\SYSTEM32\WSOCK32.dll
0x00007ffa4b120000 - 0x00007ffa4b153000 	C:\Windows\SYSTEM32\WINMM.dll
0x00007ffa53560000 - 0x00007ffa535cf000 	C:\Windows\System32\WS2_32.dll
0x00007ffa49ff0000 - 0x00007ffa49ffa000 	C:\Windows\SYSTEM32\VERSION.dll
0x00007ffa4fcd0000 - 0x00007ffa4fce8000 	C:\Windows\SYSTEM32\kernel.appcore.dll
0x00007ffa4ddf0000 - 0x00007ffa4de01000 	C:\Program Files\JetBrains\IntelliJ IDEA 2022.1.2\jbr\bin\verify.dll
0x00007ffa4e7c0000 - 0x00007ffa4e9e1000 	C:\Windows\SYSTEM32\DBGHELP.DLL
0x00007ffa46eb0000 - 0x00007ffa46ee1000 	C:\Windows\SYSTEM32\dbgcore.DLL
0x00007ffa50ed0000 - 0x00007ffa50f4f000 	C:\Windows\System32\bcryptPrimitives.dll
0x00007ffa47270000 - 0x00007ffa47299000 	C:\Program Files\JetBrains\IntelliJ IDEA 2022.1.2\jbr\bin\java.dll
0x00007ffa4dd30000 - 0x00007ffa4dd3b000 	C:\Program Files\JetBrains\IntelliJ IDEA 2022.1.2\jbr\bin\jimage.dll
0x00007ffa47150000 - 0x00007ffa47169000 	C:\Program Files\JetBrains\IntelliJ IDEA 2022.1.2\jbr\bin\zip.dll
0x00007ffa51ae0000 - 0x00007ffa52298000 	C:\Windows\System32\SHELL32.dll
0x00007ffa4eb60000 - 0x00007ffa4f3c8000 	C:\Windows\SYSTEM32\windows.storage.dll
0x00007ffa51730000 - 0x00007ffa51aa9000 	C:\Windows\System32\combase.dll
0x00007ffa4e9f0000 - 0x00007ffa4eb56000 	C:\Windows\SYSTEM32\wintypes.dll
0x00007ffa52a70000 - 0x00007ffa52b5a000 	C:\Windows\System32\SHCORE.dll
0x00007ffa514d0000 - 0x00007ffa5152d000 	C:\Windows\System32\shlwapi.dll
0x00007ffa50a50000 - 0x00007ffa50a71000 	C:\Windows\SYSTEM32\profapi.dll

dbghelp: loaded successfully - version: 4.0.5 - missing functions: none
symbol engine: initialized successfully - sym options: 0x614 - pdb path: .;C:\Program Files\JetBrains\IntelliJ IDEA 2022.1.2\jbr\bin;C:\Windows\SYSTEM32;C:\Windows\WinSxS\amd64_microsoft.windows.common-controls_6595b64144ccf1df_6.0.22000.120_none_9d947278b86cc467;C:\Program Files\JetBrains\IntelliJ IDEA 2022.1.2\jbr\bin\server

VM Arguments:
jvm_args: -Djava.rmi.server.hostname=127.0.0.1 -Duser.timezone=UTC -Xmx750m -Xms128m -Dfile.encoding=UTF-8 
java_command: com.intellij.database.remote.RemoteJdbcServer org.postgresql.Driver
java_class_path (initial): C:\Program Files\JetBrains\IntelliJ IDEA 2022.1.2\lib\util_rt.jar;C:\Program Files\JetBrains\IntelliJ IDEA 2022.1.2\lib\util.jar;C:\Program Files\JetBrains\IntelliJ IDEA 2022.1.2\lib\groovy.jar;C:\Program Files\JetBrains\IntelliJ IDEA 2022.1.2\plugins\DatabaseTools\lib\jdbc-console.jar;C:\Users\malidalgic\AppData\Roaming\JetBrains\IntelliJIdea2022.1\jdbc-drivers\PostgreSQL\42.4.0\org\postgresql\postgresql\42.4.0\postgresql-42.4.0.jar;C:\Users\malidalgic\AppData\Roaming\JetBrains\IntelliJIdea2022.1\jdbc-drivers\PostgreSQL\42.4.0\org\checkerframework\checker-qual\3.5.0\checker-qual-3.5.0.jar;C:\Users\malidalgic\AppData\Roaming\JetBrains\IntelliJIdea2022.1\jdbc-drivers\PostgreSQL\42.4.0\net\java\dev\jna\jna-platform\5.12.0\jna-platform-5.12.0.jar;C:\Users\malidalgic\AppData\Roaming\JetBrains\IntelliJIdea2022.1\jdbc-drivers\PostgreSQL\42.4.0\net\java\dev\jna\jna\5.12.0\jna-5.12.0.jar;C:\Users\malidalgic\AppData\Roaming\JetBrains\IntelliJIdea2022.1\jdbc-drivers\PostgreSQL\42.4.0\com\github\waffle\waffle-jna\1.9.1\waffle-jna-1.9.1.jar;C:\Users\malidalgic\AppData\Roaming\JetBrains\IntelliJIdea2022.1\jdbc-drivers\PostgreSQL\42.4.0\net\java\dev\jna\jna\4.5.1\jna-4.5.1.jar;C:\Users\malidalgic\AppData\Roaming\JetBrains\IntelliJIdea2022.1\jdbc-drivers\PostgreSQL\42.4.0\net\java\dev\jna\jna-platform\4.5.1\jna-platform-4.5.1.jar;C:\Users\malidalgic\AppData\Roaming\JetBrains\IntelliJIdea2022.1\jdbc-drivers\PostgreSQL\42.4.0\org\slf4j\jcl-over-slf4j\1.7.25\jcl-over-slf4j-1.7.25.jar;C:\Users\malidalgic\AppData\Roaming\JetBrains\IntelliJIdea2022.1\jdbc-drivers\PostgreSQL\42.4.0\org\slf4j\slf4j-api\1.7.25\slf4j-api-1.7.25.jar;C:\Users\malidalgic\AppData\Roaming\JetBrains\IntelliJIdea2022.1\jdbc-drivers\PostgreSQL\42.4.0\com\github\ben-manes\caffeine\caffeine\2.6.2\caffeine-2.6.2.jar
Launcher Type: SUN_STANDARD

[Global flags]
     intx CICompilerCount                          = 3                                         {product} {ergonomic}
     uint ConcGCThreads                            = 1                                         {product} {ergonomic}
     uint G1ConcRefinementThreads                  = 4                                         {product} {ergonomic}
   size_t G1HeapRegionSize                         = 1048576                                   {product} {ergonomic}
    uintx GCDrainStackTargetSize                   = 64                                        {product} {ergonomic}
   size_t InitialHeapSize                          = 134217728                                 {product} {command line}
   size_t MarkStackSize                            = 4194304                                   {product} {ergonomic}
   size_t MaxHeapSize                              = 786432000                                 {product} {command line}
   size_t MaxNewSize                               = 471859200                                 {product} {ergonomic}
   size_t MinHeapDeltaBytes                        = 1048576                                   {product} {ergonomic}
    uintx NonNMethodCodeHeapSize                   = 5830732                                {pd product} {ergonomic}
    uintx NonProfiledCodeHeapSize                  = 122913754                              {pd product} {ergonomic}
    uintx ProfiledCodeHeapSize                     = 122913754                              {pd product} {ergonomic}
    uintx ReservedCodeCacheSize                    = 251658240                              {pd product} {ergonomic}
     bool SegmentedCodeCache                       = true                                      {product} {ergonomic}
     bool UseCompressedClassPointers               = true                                 {lp64_product} {ergonomic}
     bool UseCompressedOops                        = true                                 {lp64_product} {ergonomic}
     bool UseG1GC                                  = true                                      {product} {ergonomic}
     bool UseLargePagesIndividualAllocation        = false                                  {pd product} {ergonomic}

Logging:
Log output configuration:
 #0: stdout all=warning uptime,level,tags
 #1: stderr all=off uptime,level,tags

Environment Variables:
PATH=C:\Python310\Scripts\;C:\Python310\;C:\Program Files\Common Files\Oracle\Java\javapath;C:\Windows\system32;C:\Windows;C:\Windows\System32\Wbem;C:\Windows\System32\WindowsPowerShell\v1.0\;C:\Windows\System32\OpenSSH\;C:\Program Files\Java\jdk-11.0.15\bin;C:\Program Files\Git\cmd;C:\Program Files\Docker\Docker\resources\bin;C:\ProgramData\DockerDesktop\version-bin;C:\ProgramData\chocolatey\bin;C:\Users\malidalgic\AppData\Roaming\nvm;C:\Program Files\nodejs;C:\java\tools\apache-maven-3.8.6\bin;C:\Users\malidalgic\AppData\Local\Microsoft\WindowsApps;C:\Users\malidalgic\AppData\Local\Programs\Microsoft VS Code\bin;C:\Users\malidalgic\AppData\Local\GitHubDesktop\bin;C:\src\flutter\bin;C:\Program Files\MongoDB\Server\6.0\bin;C:\Users\malidalgic\AppData\Roaming\npm;C:\Users\malidalgic\AppData\Roaming\nvm;C:\Program Files\nodejs
USERNAME=malidalgic
OS=Windows_NT
PROCESSOR_IDENTIFIER=Intel64 Family 6 Model 142 Stepping 9, GenuineIntel



---------------  S Y S T E M  ---------------

OS: Windows 11 , 64 bit Build 22000 (10.0.22000.708)
OS uptime: 0 days 4:15 hours
Hyper-V role detected

CPU:total 4 (initial active 4) (2 cores per cpu, 2 threads per core) family 6 model 142 stepping 9 microcode 0xde, cmov, cx8, fxsr, mmx, sse, sse2, sse3, ssse3, sse4.1, sse4.2, popcnt, avx, avx2, aes, clmul, erms, 3dnowpref, lzcnt, ht, tsc, tscinvbit, bmi1, bmi2, adx, fma

Memory: 4k page, system-wide physical 5954M (356M free)
TotalPageFile size 13954M (AvailPageFile size 2M)
current process WorkingSet (physical memory assigned to process): 30M, peak: 30M
current process commit charge ("private bytes"): 193M, peak: 193M

vm_info: OpenJDK 64-Bit Server VM (11.0.15+10-b2043.56) for windows-amd64 JRE (11.0.15+10-b2043.56), built on May 16 2022 02:28:12 by "" with MS VC++ 14.0 (VS2015)

END.
