#
# There is insufficient memory for the Java Runtime Environment to continue.
# Native memory allocation (mmap) failed to map 134217728 bytes for Failed to commit area from 0x00000000d1200000 to 0x00000000d9200000 of length 134217728.
# Possible reasons:
#   The system is out of physical RAM or swap space
#   The process is running with CompressedOops enabled, and the Java Heap may be blocking the growth of the native heap
# Possible solutions:
#   Reduce memory load on the system
#   Increase physical memory or swap space
#   Check if swap backing store is full
#   Decrease Java heap size (-Xmx/-Xms)
#   Decrease number of Java threads
#   Decrease Java thread stack sizes (-Xss)
#   Set larger code cache with -XX:ReservedCodeCacheSize=
# This output file may be truncated or incomplete.
#
#  Out of Memory Error (src/hotspot/os/windows/os_windows.cpp:3627), pid=38212, tid=38828
#
# JRE version:  (11.0.15+10) (build )
# Java VM: OpenJDK 64-Bit Server VM (11.0.15+10-b2043.56, mixed mode, sharing, tiered, compressed oops, g1 gc, windows-amd64)
# No core dump will be written. Minidumps are not enabled by default on client versions of Windows
#

---------------  S U M M A R Y ------------

Command Line: -Djava.rmi.server.hostname=127.0.0.1 -Duser.timezone=UTC -Xmx750m -Xms128m -Dfile.encoding=UTF-8 com.intellij.database.remote.RemoteJdbcServer org.postgresql.Driver

Host: Intel(R) Core(TM) i5-7200U CPU @ 2.50GHz, 4 cores, 5G,  Windows 11 , 64 bit Build 22000 (10.0.22000.708)
Time: Sun Aug 14 18:03:39 2022 Turkey Standard Time elapsed time: 0.018203 seconds (0d 0h 0m 0s)

---------------  T H R E A D  ---------------

Current thread (0x000002bce248f800):  JavaThread "Unknown thread" [_thread_in_vm, id=38828, stack(0x000000ea15c00000,0x000000ea15d00000)]

Stack: [0x000000ea15c00000,0x000000ea15d00000]
Native frames: (J=compiled Java code, j=interpreted, Vv=VM code, C=native code)
V  [jvm.dll+0x61612a]
V  [jvm.dll+0x79c450]
V  [jvm.dll+0x79da6d]
V  [jvm.dll+0x79e143]
V  [jvm.dll+0x24cc18]
V  [jvm.dll+0x613174]
V  [jvm.dll+0x607e55]
V  [jvm.dll+0x30b1cb]
V  [jvm.dll+0x30b13a]
V  [jvm.dll+0x30b012]
V  [jvm.dll+0x30ff76]
V  [jvm.dll+0x35b4c3]
V  [jvm.dll+0x35bbc6]
V  [jvm.dll+0x35b5c3]
V  [jvm.dll+0x2e5918]
V  [jvm.dll+0x2e6ab7]
V  [jvm.dll+0x7794f7]
V  [jvm.dll+0x77acec]
V  [jvm.dll+0x368a59]
V  [jvm.dll+0x75ce8e]
V  [jvm.dll+0x3d6a33]
V  [jvm.dll+0x3d9001]
C  [jli.dll+0x536b]
C  [ucrtbase.dll+0x26c0c]
C  [KERNEL32.DLL+0x154e0]
C  [ntdll.dll+0x485b]


---------------  P R O C E S S  ---------------

Threads class SMR info:
_java_thread_list=0x000002bce0355030, length=0, elements={
}

Java Threads: ( => current thread )

Other Threads:
  0x000002bce24a8000 GCTaskThread "GC Thread#0" [stack: 0x000000ea15d00000,0x000000ea15e00000] [id=38868]
  0x000002bce24be800 ConcurrentGCThread "G1 Main Marker" [stack: 0x000000ea15e00000,0x000000ea15f00000] [id=18384]
  0x000002bce24c1800 ConcurrentGCThread "G1 Conc#0" [stack: 0x000000ea15f00000,0x000000ea16000000] [id=36800]

[error occurred during error reporting (printing all threads), id 0xc0000005, EXCEPTION_ACCESS_VIOLATION (0xc0000005) at pc=0x00007ff9e4ae6017]

VM state:not at safepoint (not fully initialized)

VM Mutex/Monitor currently owned by a thread:  ([mutex/lock_event])
[0x000002bce248cb70] Heap_lock - owner thread: 0x000002bce248f800

Heap address: 0x00000000d1200000, size: 750 MB, Compressed Oops mode: Non-zero based: 0x00000000d1200000
Narrow klass base: 0x0000000000000000, Narrow klass shift: 0

GC Heap History (0 events):
No events

Deoptimization events (0 events):
No events

Classes redefined (0 events):
No events

Internal exceptions (0 events):
No events

Events (1 events):
Event: 0.011 Loaded shared library C:\Program Files\JetBrains\IntelliJ IDEA 2022.1.2\jbr\bin\zip.dll


Dynamic libraries:
0x00007ff6f6eb0000 - 0x00007ff6f6eba000 	C:\Program Files\JetBrains\IntelliJ IDEA 2022.1.2\jbr\bin\java.exe
0x00007ffa53640000 - 0x00007ffa53849000 	C:\Windows\SYSTEM32\ntdll.dll
0x00007ffa52920000 - 0x00007ffa529dd000 	C:\Windows\System32\KERNEL32.DLL
0x00007ffa50b20000 - 0x00007ffa50e9d000 	C:\Windows\System32\KERNELBASE.dll
0x00007ffa51180000 - 0x00007ffa51291000 	C:\Windows\System32\ucrtbase.dll
0x00007ffa47190000 - 0x00007ffa471a6000 	C:\Program Files\JetBrains\IntelliJ IDEA 2022.1.2\jbr\bin\VCRUNTIME140.dll
0x00007ffa40100000 - 0x00007ffa40119000 	C:\Program Files\JetBrains\IntelliJ IDEA 2022.1.2\jbr\bin\jli.dll
0x00007ffa52db0000 - 0x00007ffa52f5d000 	C:\Windows\System32\USER32.dll
0x00007ffa50ea0000 - 0x00007ffa50ec6000 	C:\Windows\System32\win32u.dll
0x00007ffa36ea0000 - 0x00007ffa37145000 	C:\Windows\WinSxS\amd64_microsoft.windows.common-controls_6595b64144ccf1df_6.0.22000.120_none_9d947278b86cc467\COMCTL32.dll
0x00007ffa51ab0000 - 0x00007ffa51ad9000 	C:\Windows\System32\GDI32.dll
0x00007ffa51530000 - 0x00007ffa515d3000 	C:\Windows\System32\msvcrt.dll
0x00007ffa50f50000 - 0x00007ffa51068000 	C:\Windows\System32\gdi32full.dll
0x00007ffa510e0000 - 0x00007ffa5117d000 	C:\Windows\System32\msvcp_win.dll
0x00007ffa52560000 - 0x00007ffa52591000 	C:\Windows\System32\IMM32.DLL
0x00007ffa2d2a0000 - 0x00007ffa2d34a000 	C:\Program Files\JetBrains\IntelliJ IDEA 2022.1.2\jbr\bin\msvcp140.dll
0x00007ff9e47f0000 - 0x00007ff9e536b000 	C:\Program Files\JetBrains\IntelliJ IDEA 2022.1.2\jbr\bin\server\jvm.dll
0x00007ffa52360000 - 0x00007ffa5240e000 	C:\Windows\System32\ADVAPI32.dll
0x00007ffa52f60000 - 0x00007ffa52ffe000 	C:\Windows\System32\sechost.dll
0x00007ffa525a0000 - 0x00007ffa526c0000 	C:\Windows\System32\RPCRT4.dll
0x00007ffa52b60000 - 0x00007ffa52b68000 	C:\Windows\System32\PSAPI.DLL
0x00007ffa4de10000 - 0x00007ffa4de19000 	C:\Windows\SYSTEM32\WSOCK32.dll
0x00007ffa4b120000 - 0x00007ffa4b153000 	C:\Windows\SYSTEM32\WINMM.dll
0x00007ffa53560000 - 0x00007ffa535cf000 	C:\Windows\System32\WS2_32.dll
0x00007ffa49ff0000 - 0x00007ffa49ffa000 	C:\Windows\SYSTEM32\VERSION.dll
0x00007ffa4fcd0000 - 0x00007ffa4fce8000 	C:\Windows\SYSTEM32\kernel.appcore.dll
0x00007ffa4ddf0000 - 0x00007ffa4de01000 	C:\Program Files\JetBrains\IntelliJ IDEA 2022.1.2\jbr\bin\verify.dll
0x00007ffa4e7c0000 - 0x00007ffa4e9e1000 	C:\Windows\SYSTEM32\DBGHELP.DLL
0x00007ffa46eb0000 - 0x00007ffa46ee1000 	C:\Windows\SYSTEM32\dbgcore.DLL
0x00007ffa50ed0000 - 0x00007ffa50f4f000 	C:\Windows\System32\bcryptPrimitives.dll
0x00007ffa47270000 - 0x00007ffa47299000 	C:\Program Files\JetBrains\IntelliJ IDEA 2022.1.2\jbr\bin\java.dll
0x00007ffa4dd30000 - 0x00007ffa4dd3b000 	C:\Program Files\JetBrains\IntelliJ IDEA 2022.1.2\jbr\bin\jimage.dll
0x00007ffa47150000 - 0x00007ffa47169000 	C:\Program Files\JetBrains\IntelliJ IDEA 2022.1.2\jbr\bin\zip.dll

dbghelp: loaded successfully - version: 4.0.5 - missing functions: none
symbol engine: initialized successfully - sym options: 0x614 - pdb path: .;C:\Program Files\JetBrains\IntelliJ IDEA 2022.1.2\jbr\bin;C:\Windows\SYSTEM32;C:\Windows\WinSxS\amd64_microsoft.windows.common-controls_6595b64144ccf1df_6.0.22000.120_none_9d947278b86cc467;C:\Program Files\JetBrains\IntelliJ IDEA 2022.1.2\jbr\bin\server

VM Arguments:
jvm_args: -Djava.rmi.server.hostname=127.0.0.1 -Duser.timezone=UTC -Xmx750m -Xms128m -Dfile.encoding=UTF-8 
java_command: com.intellij.database.remote.RemoteJdbcServer org.postgresql.Driver
java_class_path (initial): C:\Program Files\JetBrains\IntelliJ IDEA 2022.1.2\lib\util_rt.jar;C:\Program Files\JetBrains\IntelliJ IDEA 2022.1.2\lib\util.jar;C:\Program Files\JetBrains\IntelliJ IDEA 2022.1.2\lib\groovy.jar;C:\Program Files\JetBrains\IntelliJ IDEA 2022.1.2\plugins\DatabaseTools\lib\jdbc-console.jar;C:\Users\malidalgic\AppData\Roaming\JetBrains\IntelliJIdea2022.1\jdbc-drivers\PostgreSQL\42.4.0\org\postgresql\postgresql\42.4.0\postgresql-42.4.0.jar;C:\Users\malidalgic\AppData\Roaming\JetBrains\IntelliJIdea2022.1\jdbc-drivers\PostgreSQL\42.4.0\org\checkerframework\checker-qual\3.5.0\checker-qual-3.5.0.jar;C:\Users\malidalgic\AppData\Roaming\JetBrains\IntelliJIdea2022.1\jdbc-drivers\PostgreSQL\42.4.0\net\java\dev\jna\jna-platform\5.12.0\jna-platform-5.12.0.jar;C:\Users\malidalgic\AppData\Roaming\JetBrains\IntelliJIdea2022.1\jdbc-drivers\PostgreSQL\42.4.0\net\java\dev\jna\jna\5.12.0\jna-5.12.0.jar;C:\Users\malidalgic\AppData\Roaming\JetBrains\IntelliJIdea2022.1\jdbc-drivers\PostgreSQL\42.4.0\com\github\waffle\waffle-jna\1.9.1\waffle-jna-1.9.1.jar;C:\Users\malidalgic\AppData\Roaming\JetBrains\IntelliJIdea2022.1\jdbc-drivers\PostgreSQL\42.4.0\net\java\dev\jna\jna\4.5.1\jna-4.5.1.jar;C:\Users\malidalgic\AppData\Roaming\JetBrains\IntelliJIdea2022.1\jdbc-drivers\PostgreSQL\42.4.0\net\java\dev\jna\jna-platform\4.5.1\jna-platform-4.5.1.jar;C:\Users\malidalgic\AppData\Roaming\JetBrains\IntelliJIdea2022.1\jdbc-drivers\PostgreSQL\42.4.0\org\slf4j\jcl-over-slf4j\1.7.25\jcl-over-slf4j-1.7.25.jar;C:\Users\malidalgic\AppData\Roaming\JetBrains\IntelliJIdea2022.1\jdbc-drivers\PostgreSQL\42.4.0\org\slf4j\slf4j-api\1.7.25\slf4j-api-1.7.25.jar;C:\Users\malidalgic\AppData\Roaming\JetBrains\IntelliJIdea2022.1\jdbc-drivers\PostgreSQL\42.4.0\com\github\ben-manes\caffeine\caffeine\2.6.2\caffeine-2.6.2.jar
Launcher Type: SUN_STANDARD

[Global flags]
     intx CICompilerCount                          = 3                                         {product} {ergonomic}
     uint ConcGCThreads                            = 1                                         {product} {ergonomic}
     uint G1ConcRefinementThreads                  = 4                                         {product} {ergonomic}
   size_t G1HeapRegionSize                         = 1048576                                   {product} {ergonomic}
    uintx GCDrainStackTargetSize                   = 64                                        {product} {ergonomic}
   size_t InitialHeapSize                          = 134217728                                 {product} {command line}
   size_t MarkStackSize                            = 4194304                                   {product} {ergonomic}
   size_t MaxHeapSize                              = 786432000                                 {product} {command line}
   size_t MinHeapDeltaBytes                        = 1048576                                   {product} {ergonomic}
    uintx NonNMethodCodeHeapSize                   = 5830732                                {pd product} {ergonomic}
    uintx NonProfiledCodeHeapSize                  = 122913754                              {pd product} {ergonomic}
    uintx ProfiledCodeHeapSize                     = 122913754                              {pd product} {ergonomic}
    uintx ReservedCodeCacheSize                    = 251658240                              {pd product} {ergonomic}
     bool SegmentedCodeCache                       = true                                      {product} {ergonomic}
     bool UseCompressedClassPointers               = true                                 {lp64_product} {ergonomic}
     bool UseCompressedOops                        = true                                 {lp64_product} {ergonomic}
     bool UseG1GC                                  = true                                      {product} {ergonomic}
     bool UseLargePagesIndividualAllocation        = false                                  {pd product} {ergonomic}

Logging:
Log output configuration:
 #0: stdout all=warning uptime,level,tags
 #1: stderr all=off uptime,level,tags

Environment Variables:
PATH=C:\Python310\Scripts\;C:\Python310\;C:\Program Files\Common Files\Oracle\Java\javapath;C:\Windows\system32;C:\Windows;C:\Windows\System32\Wbem;C:\Windows\System32\WindowsPowerShell\v1.0\;C:\Windows\System32\OpenSSH\;C:\Program Files\Java\jdk-11.0.15\bin;C:\Program Files\Git\cmd;C:\Program Files\Docker\Docker\resources\bin;C:\ProgramData\DockerDesktop\version-bin;C:\ProgramData\chocolatey\bin;C:\Users\malidalgic\AppData\Roaming\nvm;C:\Program Files\nodejs;C:\java\tools\apache-maven-3.8.6\bin;C:\Users\malidalgic\AppData\Local\Microsoft\WindowsApps;C:\Users\malidalgic\AppData\Local\Programs\Microsoft VS Code\bin;C:\Users\malidalgic\AppData\Local\GitHubDesktop\bin;C:\src\flutter\bin;C:\Program Files\MongoDB\Server\6.0\bin;C:\Users\malidalgic\AppData\Roaming\npm;C:\Users\malidalgic\AppData\Roaming\nvm;C:\Program Files\nodejs
USERNAME=malidalgic
OS=Windows_NT
PROCESSOR_IDENTIFIER=Intel64 Family 6 Model 142 Stepping 9, GenuineIntel



---------------  S Y S T E M  ---------------

OS: Windows 11 , 64 bit Build 22000 (10.0.22000.708)
OS uptime: 0 days 4:36 hours
Hyper-V role detected

CPU:total 4 (initial active 4) (2 cores per cpu, 2 threads per core) family 6 model 142 stepping 9 microcode 0xde, cmov, cx8, fxsr, mmx, sse, sse2, sse3, ssse3, sse4.1, sse4.2, popcnt, avx, avx2, aes, clmul, erms, 3dnowpref, lzcnt, ht, tsc, tscinvbit, bmi1, bmi2, adx, fma

Memory: 4k page, system-wide physical 5954M (412M free)
TotalPageFile size 13954M (AvailPageFile size 9M)
current process WorkingSet (physical memory assigned to process): 10M, peak: 10M
current process commit charge ("private bytes"): 51M, peak: 179M

vm_info: OpenJDK 64-Bit Server VM (11.0.15+10-b2043.56) for windows-amd64 JRE (11.0.15+10-b2043.56), built on May 16 2022 02:28:12 by "" with MS VC++ 14.0 (VS2015)

END.
