#
# There is insufficient memory for the Java Runtime Environment to continue.
# Native memory allocation (malloc) failed to allocate 1052656 bytes for Chunk::new
# Possible reasons:
#   The system is out of physical RAM or swap space
#   The process is running with CompressedOops enabled, and the Java Heap may be blocking the growth of the native heap
# Possible solutions:
#   Reduce memory load on the system
#   Increase physical memory or swap space
#   Check if swap backing store is full
#   Decrease Java heap size (-Xmx/-Xms)
#   Decrease number of Java threads
#   Decrease Java thread stack sizes (-Xss)
#   Set larger code cache with -XX:ReservedCodeCacheSize=
#   JVM is running with Unscaled Compressed Oops mode in which the Java heap is
#     placed in the first 4GB address space. The Java Heap base address is the
#     maximum limit for the native heap growth. Please use -XX:HeapBaseMinAddress
#     to set the Java Heap base and to place the Java Heap above 4GB virtual address.
# This output file may be truncated or incomplete.
#
#  Out of Memory Error (./open/src/hotspot/share/memory/arena.cpp:197), pid=91948, tid=91504
#
# JRE version: Java(TM) SE Runtime Environment 18.9 (11.0.15+8) (build 11.0.15+8-LTS-149)
# Java VM: Java HotSpot(TM) 64-Bit Server VM 18.9 (11.0.15+8-LTS-149, mixed mode, tiered, compressed oops, g1 gc, windows-amd64)
# No core dump will be written. Minidumps are not enabled by default on client versions of Windows
#

---------------  S U M M A R Y ------------

Command Line: -Dclassworlds.conf=C:\java\tools\apache-maven-3.8.6\bin\m2.conf -Dmaven.home=C:\java\tools\apache-maven-3.8.6 -Dlibrary.jansi.path=C:\java\tools\apache-maven-3.8.6\lib\jansi-native -Dmaven.multiModuleProjectDirectory=C:\java-spring-boot\spring-examples\spring-boot-dockerization org.codehaus.plexus.classworlds.launcher.Launcher clean package

Host: Intel(R) Core(TM) i5-7200U CPU @ 2.50GHz, 4 cores, 5G,  Windows 11 , 64 bit Build 22000 (10.0.22000.708)
Time: Fri Aug 12 16:25:48 2022 Turkey Standard Time elapsed time: 8.815518 seconds (0d 0h 0m 8s)

---------------  T H R E A D  ---------------

Current thread (0x000001bd4485e000):  JavaThread "C2 CompilerThread0" daemon [_thread_in_native, id=91504, stack(0x000000ad53700000,0x000000ad53800000)]


Current CompileTask:
C2:   8815 3740   !   4       jdk.internal.loader.BuiltinClassLoader::loadClassOrNull (143 bytes)

Stack: [0x000000ad53700000,0x000000ad53800000]
Native frames: (J=compiled Java code, j=interpreted, Vv=VM code, C=native code)
V  [jvm.dll+0x629d8a]
V  [jvm.dll+0x7638ff]
V  [jvm.dll+0x764fa9]
V  [jvm.dll+0x765633]
V  [jvm.dll+0x23d9c8]
V  [jvm.dll+0xb2a1c]
V  [jvm.dll+0xb2fdc]
V  [jvm.dll+0x2ae744]
V  [jvm.dll+0x53d4c6]
V  [jvm.dll+0x20089d]
V  [jvm.dll+0x1fa64a]
V  [jvm.dll+0x1f762d]
V  [jvm.dll+0x177c51]
V  [jvm.dll+0x207026]
V  [jvm.dll+0x2051bb]
V  [jvm.dll+0x729820]
V  [jvm.dll+0x7223f4]
V  [jvm.dll+0x628c26]
C  [ucrtbase.dll+0x26c0c]
C  [KERNEL32.DLL+0x154e0]
C  [ntdll.dll+0x485b]


---------------  P R O C E S S  ---------------

Threads class SMR info:
_java_thread_list=0x000001bd452c2b60, length=10, elements={
0x000001bd26596800, 0x000001bd447da800, 0x000001bd44805800, 0x000001bd44859800,
0x000001bd4485c000, 0x000001bd4485d000, 0x000001bd4485e000, 0x000001bd4485f800,
0x000001bd451c8000, 0x000001bd452de800
}

Java Threads: ( => current thread )
  0x000001bd26596800 JavaThread "main" [_thread_in_vm, id=63968, stack(0x000000ad52b00000,0x000000ad52c00000)]
  0x000001bd447da800 JavaThread "Reference Handler" daemon [_thread_blocked, id=38044, stack(0x000000ad53200000,0x000000ad53300000)]
  0x000001bd44805800 JavaThread "Finalizer" daemon [_thread_blocked, id=91608, stack(0x000000ad53300000,0x000000ad53400000)]
  0x000001bd44859800 JavaThread "Signal Dispatcher" daemon [_thread_blocked, id=59160, stack(0x000000ad53400000,0x000000ad53500000)]
  0x000001bd4485c000 JavaThread "Attach Listener" daemon [_thread_blocked, id=86968, stack(0x000000ad53500000,0x000000ad53600000)]
  0x000001bd4485d000 JavaThread "Service Thread" daemon [_thread_blocked, id=80532, stack(0x000000ad53600000,0x000000ad53700000)]
=>0x000001bd4485e000 JavaThread "C2 CompilerThread0" daemon [_thread_in_native, id=91504, stack(0x000000ad53700000,0x000000ad53800000)]
  0x000001bd4485f800 JavaThread "C1 CompilerThread0" daemon [_thread_blocked, id=91640, stack(0x000000ad53800000,0x000000ad53900000)]
  0x000001bd451c8000 JavaThread "Sweeper thread" daemon [_thread_blocked, id=86936, stack(0x000000ad53900000,0x000000ad53a00000)]
  0x000001bd452de800 JavaThread "Common-Cleaner" daemon [_thread_blocked, id=91172, stack(0x000000ad53b00000,0x000000ad53c00000)]

Other Threads:
  0x000001bd447d9000 VMThread "VM Thread" [stack: 0x000000ad53100000,0x000000ad53200000] [id=88848]
  0x000001bd452d5000 WatcherThread [stack: 0x000000ad53a00000,0x000000ad53b00000] [id=84440]
  0x000001bd265ab800 GCTaskThread "GC Thread#0" [stack: 0x000000ad52c00000,0x000000ad52d00000] [id=79796]
  0x000001bd45cbe800 GCTaskThread "GC Thread#1" [stack: 0x000000ad53c00000,0x000000ad53d00000] [id=81108]
  0x000001bd265d1000 ConcurrentGCThread "G1 Main Marker" [stack: 0x000000ad52d00000,0x000000ad52e00000] [id=91312]
  0x000001bd265d3000 ConcurrentGCThread "G1 Conc#0" [stack: 0x000000ad52e00000,0x000000ad52f00000] [id=88276]
  0x000001bd2664c000 ConcurrentGCThread "G1 Refine#0" [stack: 0x000000ad52f00000,0x000000ad53000000] [id=90556]
  0x000001bd26650800 ConcurrentGCThread "G1 Young RemSet Sampling" [stack: 0x000000ad53000000,0x000000ad53100000] [id=81128]

Threads with active compile tasks:
C2 CompilerThread0   8888 3740   !   4       jdk.internal.loader.BuiltinClassLoader::loadClassOrNull (143 bytes)

VM state:not at safepoint (normal execution)

VM Mutex/Monitor currently owned by a thread: None

Heap address: 0x00000000a2e00000, size: 1490 MB, Compressed Oops mode: 32-bit
Narrow klass base: 0x0000000000000000, Narrow klass shift: 3
Compressed class space size: 1073741824 Address: 0x0000000100000000

Heap:
 garbage-first heap   total 115712K, used 20151K [0x00000000a2e00000, 0x0000000100000000)
  region size 1024K, 12 young (12288K), 4 survivors (4096K)
 Metaspace       used 28400K, capacity 28949K, committed 29104K, reserved 1075200K
  class space    used 3091K, capacity 3259K, committed 3328K, reserved 1048576K
Heap Regions: E=young(eden), S=young(survivor), O=old, HS=humongous(starts), HC=humongous(continues), CS=collection set, F=free, A=archive, TAMS=top-at-mark-start (previous, next)
|   0|0x00000000a2e00000, 0x00000000a2f00000, 0x00000000a2f00000|100%| O|  |TAMS 0x00000000a2f00000, 0x00000000a2e00000| Untracked 
|   1|0x00000000a2f00000, 0x00000000a3000000, 0x00000000a3000000|100%| O|  |TAMS 0x00000000a3000000, 0x00000000a2f00000| Untracked 
|   2|0x00000000a3000000, 0x00000000a3100000, 0x00000000a3100000|100%| O|  |TAMS 0x00000000a3100000, 0x00000000a3000000| Untracked 
|   3|0x00000000a3100000, 0x00000000a3200000, 0x00000000a3200000|100%| O|  |TAMS 0x00000000a3200000, 0x00000000a3100000| Untracked 
|   4|0x00000000a3200000, 0x00000000a3300000, 0x00000000a3300000|100%| O|  |TAMS 0x00000000a3300000, 0x00000000a3200000| Untracked 
|   5|0x00000000a3300000, 0x00000000a3400000, 0x00000000a3400000|100%| O|  |TAMS 0x00000000a3400000, 0x00000000a3300000| Untracked 
|   6|0x00000000a3400000, 0x00000000a3500000, 0x00000000a3500000|100%| O|  |TAMS 0x00000000a3500000, 0x00000000a3400000| Untracked 
|   7|0x00000000a3500000, 0x00000000a3600000, 0x00000000a3600000|100%| O|  |TAMS 0x00000000a3600000, 0x00000000a3500000| Untracked 
|   8|0x00000000a3600000, 0x00000000a3700000, 0x00000000a3700000|100%| O|  |TAMS 0x00000000a3700000, 0x00000000a3600000| Untracked 
|   9|0x00000000a3700000, 0x00000000a377fe00, 0x00000000a3800000| 49%| O|  |TAMS 0x00000000a377fe00, 0x00000000a3700000| Untracked 
|  10|0x00000000a3800000, 0x00000000a3800000, 0x00000000a3900000|  0%| F|  |TAMS 0x00000000a3800000, 0x00000000a3800000| Untracked 
|  11|0x00000000a3900000, 0x00000000a3900000, 0x00000000a3a00000|  0%| F|  |TAMS 0x00000000a3900000, 0x00000000a3900000| Untracked 
|  12|0x00000000a3a00000, 0x00000000a3a00000, 0x00000000a3b00000|  0%| F|  |TAMS 0x00000000a3a00000, 0x00000000a3a00000| Untracked 
|  13|0x00000000a3b00000, 0x00000000a3b00000, 0x00000000a3c00000|  0%| F|  |TAMS 0x00000000a3b00000, 0x00000000a3b00000| Untracked 
|  14|0x00000000a3c00000, 0x00000000a3c00000, 0x00000000a3d00000|  0%| F|  |TAMS 0x00000000a3c00000, 0x00000000a3c00000| Untracked 
|  15|0x00000000a3d00000, 0x00000000a3d00000, 0x00000000a3e00000|  0%| F|  |TAMS 0x00000000a3d00000, 0x00000000a3d00000| Untracked 
|  16|0x00000000a3e00000, 0x00000000a3e00000, 0x00000000a3f00000|  0%| F|  |TAMS 0x00000000a3e00000, 0x00000000a3e00000| Untracked 
|  17|0x00000000a3f00000, 0x00000000a3f00000, 0x00000000a4000000|  0%| F|  |TAMS 0x00000000a3f00000, 0x00000000a3f00000| Untracked 
|  18|0x00000000a4000000, 0x00000000a4000000, 0x00000000a4100000|  0%| F|  |TAMS 0x00000000a4000000, 0x00000000a4000000| Untracked 
|  19|0x00000000a4100000, 0x00000000a4100000, 0x00000000a4200000|  0%| F|  |TAMS 0x00000000a4100000, 0x00000000a4100000| Untracked 
|  20|0x00000000a4200000, 0x00000000a4200000, 0x00000000a4300000|  0%| F|  |TAMS 0x00000000a4200000, 0x00000000a4200000| Untracked 
|  21|0x00000000a4300000, 0x00000000a4300000, 0x00000000a4400000|  0%| F|  |TAMS 0x00000000a4300000, 0x00000000a4300000| Untracked 
|  22|0x00000000a4400000, 0x00000000a4400000, 0x00000000a4500000|  0%| F|  |TAMS 0x00000000a4400000, 0x00000000a4400000| Untracked 
|  23|0x00000000a4500000, 0x00000000a4500000, 0x00000000a4600000|  0%| F|  |TAMS 0x00000000a4500000, 0x00000000a4500000| Untracked 
|  24|0x00000000a4600000, 0x00000000a4600000, 0x00000000a4700000|  0%| F|  |TAMS 0x00000000a4600000, 0x00000000a4600000| Untracked 
|  25|0x00000000a4700000, 0x00000000a4700000, 0x00000000a4800000|  0%| F|  |TAMS 0x00000000a4700000, 0x00000000a4700000| Untracked 
|  26|0x00000000a4800000, 0x00000000a4800000, 0x00000000a4900000|  0%| F|  |TAMS 0x00000000a4800000, 0x00000000a4800000| Untracked 
|  27|0x00000000a4900000, 0x00000000a4900000, 0x00000000a4a00000|  0%| F|  |TAMS 0x00000000a4900000, 0x00000000a4900000| Untracked 
|  28|0x00000000a4a00000, 0x00000000a4a00000, 0x00000000a4b00000|  0%| F|  |TAMS 0x00000000a4a00000, 0x00000000a4a00000| Untracked 
|  29|0x00000000a4b00000, 0x00000000a4b00000, 0x00000000a4c00000|  0%| F|  |TAMS 0x00000000a4b00000, 0x00000000a4b00000| Untracked 
|  30|0x00000000a4c00000, 0x00000000a4c00000, 0x00000000a4d00000|  0%| F|  |TAMS 0x00000000a4c00000, 0x00000000a4c00000| Untracked 
|  31|0x00000000a4d00000, 0x00000000a4d00000, 0x00000000a4e00000|  0%| F|  |TAMS 0x00000000a4d00000, 0x00000000a4d00000| Untracked 
|  32|0x00000000a4e00000, 0x00000000a4e00000, 0x00000000a4f00000|  0%| F|  |TAMS 0x00000000a4e00000, 0x00000000a4e00000| Untracked 
|  33|0x00000000a4f00000, 0x00000000a4f00000, 0x00000000a5000000|  0%| F|  |TAMS 0x00000000a4f00000, 0x00000000a4f00000| Untracked 
|  34|0x00000000a5000000, 0x00000000a5000000, 0x00000000a5100000|  0%| F|  |TAMS 0x00000000a5000000, 0x00000000a5000000| Untracked 
|  35|0x00000000a5100000, 0x00000000a5100000, 0x00000000a5200000|  0%| F|  |TAMS 0x00000000a5100000, 0x00000000a5100000| Untracked 
|  36|0x00000000a5200000, 0x00000000a5200000, 0x00000000a5300000|  0%| F|  |TAMS 0x00000000a5200000, 0x00000000a5200000| Untracked 
|  37|0x00000000a5300000, 0x00000000a5300000, 0x00000000a5400000|  0%| F|  |TAMS 0x00000000a5300000, 0x00000000a5300000| Untracked 
|  38|0x00000000a5400000, 0x00000000a5400000, 0x00000000a5500000|  0%| F|  |TAMS 0x00000000a5400000, 0x00000000a5400000| Untracked 
|  39|0x00000000a5500000, 0x00000000a5500000, 0x00000000a5600000|  0%| F|  |TAMS 0x00000000a5500000, 0x00000000a5500000| Untracked 
|  40|0x00000000a5600000, 0x00000000a5600000, 0x00000000a5700000|  0%| F|  |TAMS 0x00000000a5600000, 0x00000000a5600000| Untracked 
|  41|0x00000000a5700000, 0x00000000a5700000, 0x00000000a5800000|  0%| F|  |TAMS 0x00000000a5700000, 0x00000000a5700000| Untracked 
|  42|0x00000000a5800000, 0x00000000a5800000, 0x00000000a5900000|  0%| F|  |TAMS 0x00000000a5800000, 0x00000000a5800000| Untracked 
|  43|0x00000000a5900000, 0x00000000a5900000, 0x00000000a5a00000|  0%| F|  |TAMS 0x00000000a5900000, 0x00000000a5900000| Untracked 
|  44|0x00000000a5a00000, 0x00000000a5a00000, 0x00000000a5b00000|  0%| F|  |TAMS 0x00000000a5a00000, 0x00000000a5a00000| Untracked 
|  45|0x00000000a5b00000, 0x00000000a5b00000, 0x00000000a5c00000|  0%| F|  |TAMS 0x00000000a5b00000, 0x00000000a5b00000| Untracked 
|  46|0x00000000a5c00000, 0x00000000a5c00000, 0x00000000a5d00000|  0%| F|  |TAMS 0x00000000a5c00000, 0x00000000a5c00000| Untracked 
|  47|0x00000000a5d00000, 0x00000000a5d00000, 0x00000000a5e00000|  0%| F|  |TAMS 0x00000000a5d00000, 0x00000000a5d00000| Untracked 
|  48|0x00000000a5e00000, 0x00000000a5e00000, 0x00000000a5f00000|  0%| F|  |TAMS 0x00000000a5e00000, 0x00000000a5e00000| Untracked 
|  49|0x00000000a5f00000, 0x00000000a5f00000, 0x00000000a6000000|  0%| F|  |TAMS 0x00000000a5f00000, 0x00000000a5f00000| Untracked 
|  50|0x00000000a6000000, 0x00000000a6000000, 0x00000000a6100000|  0%| F|  |TAMS 0x00000000a6000000, 0x00000000a6000000| Untracked 
|  51|0x00000000a6100000, 0x00000000a6100000, 0x00000000a6200000|  0%| F|  |TAMS 0x00000000a6100000, 0x00000000a6100000| Untracked 
|  52|0x00000000a6200000, 0x00000000a622df28, 0x00000000a6300000| 17%| S|CS|TAMS 0x00000000a6200000, 0x00000000a6200000| Complete 
|  53|0x00000000a6300000, 0x00000000a6400000, 0x00000000a6400000|100%| S|CS|TAMS 0x00000000a6300000, 0x00000000a6300000| Complete 
|  54|0x00000000a6400000, 0x00000000a6500000, 0x00000000a6500000|100%| S|CS|TAMS 0x00000000a6400000, 0x00000000a6400000| Complete 
|  55|0x00000000a6500000, 0x00000000a6600000, 0x00000000a6600000|100%| S|CS|TAMS 0x00000000a6500000, 0x00000000a6500000| Complete 
|  56|0x00000000a6600000, 0x00000000a6600000, 0x00000000a6700000|  0%| F|  |TAMS 0x00000000a6600000, 0x00000000a6600000| Untracked 
|  57|0x00000000a6700000, 0x00000000a6700000, 0x00000000a6800000|  0%| F|  |TAMS 0x00000000a6700000, 0x00000000a6700000| Untracked 
|  58|0x00000000a6800000, 0x00000000a6800000, 0x00000000a6900000|  0%| F|  |TAMS 0x00000000a6800000, 0x00000000a6800000| Untracked 
|  59|0x00000000a6900000, 0x00000000a6900000, 0x00000000a6a00000|  0%| F|  |TAMS 0x00000000a6900000, 0x00000000a6900000| Untracked 
|  60|0x00000000a6a00000, 0x00000000a6a00000, 0x00000000a6b00000|  0%| F|  |TAMS 0x00000000a6a00000, 0x00000000a6a00000| Untracked 
|  61|0x00000000a6b00000, 0x00000000a6b00000, 0x00000000a6c00000|  0%| F|  |TAMS 0x00000000a6b00000, 0x00000000a6b00000| Untracked 
|  62|0x00000000a6c00000, 0x00000000a6c00000, 0x00000000a6d00000|  0%| F|  |TAMS 0x00000000a6c00000, 0x00000000a6c00000| Untracked 
|  63|0x00000000a6d00000, 0x00000000a6d00000, 0x00000000a6e00000|  0%| F|  |TAMS 0x00000000a6d00000, 0x00000000a6d00000| Untracked 
|  64|0x00000000a6e00000, 0x00000000a6e00000, 0x00000000a6f00000|  0%| F|  |TAMS 0x00000000a6e00000, 0x00000000a6e00000| Untracked 
|  65|0x00000000a6f00000, 0x00000000a6f00000, 0x00000000a7000000|  0%| F|  |TAMS 0x00000000a6f00000, 0x00000000a6f00000| Untracked 
|  66|0x00000000a7000000, 0x00000000a7000000, 0x00000000a7100000|  0%| F|  |TAMS 0x00000000a7000000, 0x00000000a7000000| Untracked 
|  67|0x00000000a7100000, 0x00000000a7100000, 0x00000000a7200000|  0%| F|  |TAMS 0x00000000a7100000, 0x00000000a7100000| Untracked 
|  68|0x00000000a7200000, 0x00000000a7200000, 0x00000000a7300000|  0%| F|  |TAMS 0x00000000a7200000, 0x00000000a7200000| Untracked 
|  69|0x00000000a7300000, 0x00000000a7300000, 0x00000000a7400000|  0%| F|  |TAMS 0x00000000a7300000, 0x00000000a7300000| Untracked 
|  70|0x00000000a7400000, 0x00000000a7400000, 0x00000000a7500000|  0%| F|  |TAMS 0x00000000a7400000, 0x00000000a7400000| Untracked 
|  71|0x00000000a7500000, 0x00000000a7500000, 0x00000000a7600000|  0%| F|  |TAMS 0x00000000a7500000, 0x00000000a7500000| Untracked 
|  72|0x00000000a7600000, 0x00000000a7600000, 0x00000000a7700000|  0%| F|  |TAMS 0x00000000a7600000, 0x00000000a7600000| Untracked 
|  73|0x00000000a7700000, 0x00000000a7700000, 0x00000000a7800000|  0%| F|  |TAMS 0x00000000a7700000, 0x00000000a7700000| Untracked 
|  74|0x00000000a7800000, 0x00000000a7800000, 0x00000000a7900000|  0%| F|  |TAMS 0x00000000a7800000, 0x00000000a7800000| Untracked 
|  75|0x00000000a7900000, 0x00000000a7900000, 0x00000000a7a00000|  0%| F|  |TAMS 0x00000000a7900000, 0x00000000a7900000| Untracked 
|  76|0x00000000a7a00000, 0x00000000a7a00000, 0x00000000a7b00000|  0%| F|  |TAMS 0x00000000a7a00000, 0x00000000a7a00000| Untracked 
|  77|0x00000000a7b00000, 0x00000000a7b00000, 0x00000000a7c00000|  0%| F|  |TAMS 0x00000000a7b00000, 0x00000000a7b00000| Untracked 
|  78|0x00000000a7c00000, 0x00000000a7c00000, 0x00000000a7d00000|  0%| F|  |TAMS 0x00000000a7c00000, 0x00000000a7c00000| Untracked 
|  79|0x00000000a7d00000, 0x00000000a7d00000, 0x00000000a7e00000|  0%| F|  |TAMS 0x00000000a7d00000, 0x00000000a7d00000| Untracked 
|  80|0x00000000a7e00000, 0x00000000a7e00000, 0x00000000a7f00000|  0%| F|  |TAMS 0x00000000a7e00000, 0x00000000a7e00000| Untracked 
|  81|0x00000000a7f00000, 0x00000000a7f00000, 0x00000000a8000000|  0%| F|  |TAMS 0x00000000a7f00000, 0x00000000a7f00000| Untracked 
|  82|0x00000000a8000000, 0x00000000a8000000, 0x00000000a8100000|  0%| F|  |TAMS 0x00000000a8000000, 0x00000000a8000000| Untracked 
|  83|0x00000000a8100000, 0x00000000a8100000, 0x00000000a8200000|  0%| F|  |TAMS 0x00000000a8100000, 0x00000000a8100000| Untracked 
|  84|0x00000000a8200000, 0x00000000a8200000, 0x00000000a8300000|  0%| F|  |TAMS 0x00000000a8200000, 0x00000000a8200000| Untracked 
|  85|0x00000000a8300000, 0x00000000a8300000, 0x00000000a8400000|  0%| F|  |TAMS 0x00000000a8300000, 0x00000000a8300000| Untracked 
|  86|0x00000000a8400000, 0x00000000a8400000, 0x00000000a8500000|  0%| F|  |TAMS 0x00000000a8400000, 0x00000000a8400000| Untracked 
|  87|0x00000000a8500000, 0x00000000a8500000, 0x00000000a8600000|  0%| F|  |TAMS 0x00000000a8500000, 0x00000000a8500000| Untracked 
|  88|0x00000000a8600000, 0x00000000a8600000, 0x00000000a8700000|  0%| F|  |TAMS 0x00000000a8600000, 0x00000000a8600000| Untracked 
|  89|0x00000000a8700000, 0x00000000a8700000, 0x00000000a8800000|  0%| F|  |TAMS 0x00000000a8700000, 0x00000000a8700000| Untracked 
|  90|0x00000000a8800000, 0x00000000a8800000, 0x00000000a8900000|  0%| F|  |TAMS 0x00000000a8800000, 0x00000000a8800000| Untracked 
|  91|0x00000000a8900000, 0x00000000a8900000, 0x00000000a8a00000|  0%| F|  |TAMS 0x00000000a8900000, 0x00000000a8900000| Untracked 
|  92|0x00000000a8a00000, 0x00000000a8a00000, 0x00000000a8b00000|  0%| F|  |TAMS 0x00000000a8a00000, 0x00000000a8a00000| Untracked 
|  93|0x00000000a8b00000, 0x00000000a8b00000, 0x00000000a8c00000|  0%| F|  |TAMS 0x00000000a8b00000, 0x00000000a8b00000| Untracked 
|  94|0x00000000a8c00000, 0x00000000a8c00000, 0x00000000a8d00000|  0%| F|  |TAMS 0x00000000a8c00000, 0x00000000a8c00000| Untracked 
|  95|0x00000000a8d00000, 0x00000000a8d00000, 0x00000000a8e00000|  0%| F|  |TAMS 0x00000000a8d00000, 0x00000000a8d00000| Untracked 
|  96|0x00000000a8e00000, 0x00000000a8e00000, 0x00000000a8f00000|  0%| F|  |TAMS 0x00000000a8e00000, 0x00000000a8e00000| Untracked 
|  97|0x00000000a8f00000, 0x00000000a8f00000, 0x00000000a9000000|  0%| F|  |TAMS 0x00000000a8f00000, 0x00000000a8f00000| Untracked 
|  98|0x00000000a9000000, 0x00000000a9000000, 0x00000000a9100000|  0%| F|  |TAMS 0x00000000a9000000, 0x00000000a9000000| Untracked 
|  99|0x00000000a9100000, 0x00000000a9100000, 0x00000000a9200000|  0%| F|  |TAMS 0x00000000a9100000, 0x00000000a9100000| Untracked 
| 100|0x00000000a9200000, 0x00000000a9200000, 0x00000000a9300000|  0%| F|  |TAMS 0x00000000a9200000, 0x00000000a9200000| Untracked 
| 101|0x00000000a9300000, 0x00000000a9300000, 0x00000000a9400000|  0%| F|  |TAMS 0x00000000a9300000, 0x00000000a9300000| Untracked 
| 102|0x00000000a9400000, 0x00000000a9400000, 0x00000000a9500000|  0%| F|  |TAMS 0x00000000a9400000, 0x00000000a9400000| Untracked 
| 103|0x00000000a9500000, 0x00000000a9500000, 0x00000000a9600000|  0%| F|  |TAMS 0x00000000a9500000, 0x00000000a9500000| Untracked 
| 104|0x00000000a9600000, 0x00000000a9600000, 0x00000000a9700000|  0%| F|  |TAMS 0x00000000a9600000, 0x00000000a9600000| Untracked 
| 105|0x00000000a9700000, 0x00000000a9800000, 0x00000000a9800000|100%| E|  |TAMS 0x00000000a9700000, 0x00000000a9700000| Complete 
| 106|0x00000000a9800000, 0x00000000a9900000, 0x00000000a9900000|100%| E|CS|TAMS 0x00000000a9800000, 0x00000000a9800000| Complete 
| 107|0x00000000a9900000, 0x00000000a9a00000, 0x00000000a9a00000|100%| E|CS|TAMS 0x00000000a9900000, 0x00000000a9900000| Complete 
| 108|0x00000000a9a00000, 0x00000000a9b00000, 0x00000000a9b00000|100%| E|CS|TAMS 0x00000000a9a00000, 0x00000000a9a00000| Complete 
| 109|0x00000000a9b00000, 0x00000000a9c00000, 0x00000000a9c00000|100%| E|CS|TAMS 0x00000000a9b00000, 0x00000000a9b00000| Complete 
| 110|0x00000000a9c00000, 0x00000000a9d00000, 0x00000000a9d00000|100%| E|CS|TAMS 0x00000000a9c00000, 0x00000000a9c00000| Complete 
| 111|0x00000000a9d00000, 0x00000000a9e00000, 0x00000000a9e00000|100%| E|CS|TAMS 0x00000000a9d00000, 0x00000000a9d00000| Complete 
| 112|0x00000000a9e00000, 0x00000000a9f00000, 0x00000000a9f00000|100%| E|CS|TAMS 0x00000000a9e00000, 0x00000000a9e00000| Complete 

Card table byte_map: [0x000001bd3ed70000,0x000001bd3f060000] _byte_map_base: 0x000001bd3e859000

Marking Bits (Prev, Next): (CMBitMap*) 0x000001bd265ca2d0, (CMBitMap*) 0x000001bd265ca298
 Prev Bits: [0x000001bd40aa0000, 0x000001bd421e8000)
 Next Bits: [0x000001bd3f350000, 0x000001bd40a98000)

Polling page: 0x000001bd26680000

Metaspace:

Usage:
  Non-class:     25.15 MB capacity,    24.75 MB ( 98%) used,   374.88 KB (  1%) free+waste,    38.75 KB ( <1%) overhead. 
      Class:      3.18 MB capacity,     3.02 MB ( 95%) used,   145.32 KB (  4%) free+waste,    17.00 KB ( <1%) overhead. 
       Both:     28.33 MB capacity,    27.77 MB ( 98%) used,   520.20 KB (  2%) free+waste,    55.75 KB ( <1%) overhead. 

Virtual space:
  Non-class space:       26.00 MB reserved,      25.17 MB ( 97%) committed 
      Class space:        1.00 GB reserved,       3.25 MB ( <1%) committed 
             Both:        1.03 GB reserved,      28.42 MB (  3%) committed 

Chunk freelists:
   Non-Class:  2.75 KB
       Class:  640 bytes
        Both:  3.38 KB

CodeHeap 'non-profiled nmethods': size=120064Kb used=1577Kb max_used=1577Kb free=118486Kb
 bounds [0x000001bd36f20000, 0x000001bd37190000, 0x000001bd3e460000]
CodeHeap 'profiled nmethods': size=120000Kb used=8004Kb max_used=8004Kb free=111995Kb
 bounds [0x000001bd2f9f0000, 0x000001bd301d0000, 0x000001bd36f20000]
CodeHeap 'non-nmethods': size=5696Kb used=1126Kb max_used=1141Kb free=4569Kb
 bounds [0x000001bd2f460000, 0x000001bd2f6d0000, 0x000001bd2f9f0000]
 total_blobs=4193 nmethods=3744 adapters=360
 compilation: enabled
              stopped_count=0, restarted_count=0
 full_count=0

Compilation events (10 events):
Event: 8.768 Thread 0x000001bd4485f800 3755       3       java.lang.invoke.MethodHandleNatives::refKindHasReceiver (33 bytes)
Event: 8.769 Thread 0x000001bd4485f800 nmethod 3755 0x000001bd301bc110 code [0x000001bd301bc2a0, 0x000001bd301bc3f8]
Event: 8.769 Thread 0x000001bd4485f800 3756       3       java.lang.invoke.MethodHandles$Lookup::in (168 bytes)
Event: 8.773 Thread 0x000001bd4485f800 nmethod 3756 0x000001bd301bc490 code [0x000001bd301bc7e0, 0x000001bd301bdd88]
Event: 8.773 Thread 0x000001bd4485f800 3758       3       sun.invoke.util.VerifyAccess::isSamePackage (32 bytes)
Event: 8.775 Thread 0x000001bd4485f800 nmethod 3758 0x000001bd301be410 code [0x000001bd301be700, 0x000001bd301bf9e8]
Event: 8.775 Thread 0x000001bd4485f800 3759       3       com.sun.tools.javac.util.List::nil (4 bytes)
Event: 8.776 Thread 0x000001bd4485f800 nmethod 3759 0x000001bd301bff90 code [0x000001bd301c0120, 0x000001bd301c0218]
Event: 8.776 Thread 0x000001bd4485f800 3757       3       jdk.internal.org.objectweb.asm.MethodWriter::visitCode (1 bytes)
Event: 8.776 Thread 0x000001bd4485f800 nmethod 3757 0x000001bd301c0290 code [0x000001bd301c0420, 0x000001bd301c0518]

GC Heap History (10 events):
Event: 2.070 GC heap before
{Heap before GC invocations=1 (full 0):
 garbage-first heap   total 96256K, used 12373K [0x00000000a2e00000, 0x0000000100000000)
  region size 1024K, 11 young (11264K), 2 survivors (2048K)
 Metaspace       used 12323K, capacity 12532K, committed 12672K, reserved 1060864K
  class space    used 1247K, capacity 1348K, committed 1408K, reserved 1048576K
}
Event: 2.079 GC heap after
{Heap after GC invocations=2 (full 0):
 garbage-first heap   total 96256K, used 3661K [0x00000000a2e00000, 0x0000000100000000)
  region size 1024K, 1 young (1024K), 1 survivors (1024K)
 Metaspace       used 12323K, capacity 12532K, committed 12672K, reserved 1060864K
  class space    used 1247K, capacity 1348K, committed 1408K, reserved 1048576K
}
Event: 3.258 GC heap before
{Heap before GC invocations=2 (full 0):
 garbage-first heap   total 96256K, used 30285K [0x00000000a2e00000, 0x0000000100000000)
  region size 1024K, 27 young (27648K), 1 survivors (1024K)
 Metaspace       used 15939K, capacity 16170K, committed 16512K, reserved 1064960K
  class space    used 1702K, capacity 1810K, committed 1920K, reserved 1048576K
}
Event: 3.266 GC heap after
{Heap after GC invocations=3 (full 0):
 garbage-first heap   total 96256K, used 4819K [0x00000000a2e00000, 0x0000000100000000)
  region size 1024K, 2 young (2048K), 2 survivors (2048K)
 Metaspace       used 15939K, capacity 16170K, committed 16512K, reserved 1064960K
  class space    used 1702K, capacity 1810K, committed 1920K, reserved 1048576K
}
Event: 5.402 GC heap before
{Heap before GC invocations=3 (full 0):
 garbage-first heap   total 96256K, used 48851K [0x00000000a2e00000, 0x0000000100000000)
  region size 1024K, 45 young (46080K), 2 survivors (2048K)
 Metaspace       used 20340K, capacity 20622K, committed 20736K, reserved 1067008K
  class space    used 2161K, capacity 2281K, committed 2304K, reserved 1048576K
}
Event: 5.422 GC heap after
{Heap after GC invocations=4 (full 0):
 garbage-first heap   total 96256K, used 9695K [0x00000000a2e00000, 0x0000000100000000)
  region size 1024K, 6 young (6144K), 6 survivors (6144K)
 Metaspace       used 20340K, capacity 20622K, committed 20736K, reserved 1067008K
  class space    used 2161K, capacity 2281K, committed 2304K, reserved 1048576K
}
Event: 6.035 GC heap before
{Heap before GC invocations=4 (full 0):
 garbage-first heap   total 96256K, used 23007K [0x00000000a2e00000, 0x0000000100000000)
  region size 1024K, 20 young (20480K), 6 survivors (6144K)
 Metaspace       used 20801K, capacity 21135K, committed 21296K, reserved 1069056K
  class space    used 2200K, capacity 2321K, committed 2432K, reserved 1048576K
}
Event: 6.056 GC heap after
{Heap after GC invocations=5 (full 0):
 garbage-first heap   total 96256K, used 11243K [0x00000000a2e00000, 0x0000000100000000)
  region size 1024K, 2 young (2048K), 2 survivors (2048K)
 Metaspace       used 20801K, capacity 21135K, committed 21296K, reserved 1069056K
  class space    used 2200K, capacity 2321K, committed 2432K, reserved 1048576K
}
Event: 7.614 GC heap before
{Heap before GC invocations=6 (full 0):
 garbage-first heap   total 96256K, used 48107K [0x00000000a2e00000, 0x0000000100000000)
  region size 1024K, 38 young (38912K), 2 survivors (2048K)
 Metaspace       used 23180K, capacity 23634K, committed 23856K, reserved 1071104K
  class space    used 2427K, capacity 2585K, committed 2688K, reserved 1048576K
}
Event: 7.624 GC heap after
{Heap after GC invocations=7 (full 0):
 garbage-first heap   total 115712K, used 12983K [0x00000000a2e00000, 0x0000000100000000)
  region size 1024K, 4 young (4096K), 4 survivors (4096K)
 Metaspace       used 23180K, capacity 23634K, committed 23856K, reserved 1071104K
  class space    used 2427K, capacity 2585K, committed 2688K, reserved 1048576K
}

Deoptimization events (10 events):
Event: 6.568 Thread 0x000001bd26596800 Uncommon trap: reason=profile_predicate action=maybe_recompile pc=0x000001bd37068d2c method=java.util.regex.Pattern$CharPropertyGreedy.match(Ljava/util/regex/Matcher;ILjava/lang/CharSequence;)Z @ 70 c2
Event: 6.568 Thread 0x000001bd26596800 Uncommon trap: reason=profile_predicate action=maybe_recompile pc=0x000001bd37068d2c method=java.util.regex.Pattern$CharPropertyGreedy.match(Ljava/util/regex/Matcher;ILjava/lang/CharSequence;)Z @ 70 c2
Event: 7.122 Thread 0x000001bd26596800 Uncommon trap: reason=unstable_if action=reinterpret pc=0x000001bd370711c4 method=org.apache.maven.model.io.xpp3.MavenXpp3Reader.nextTag(Lorg/codehaus/plexus/util/xml/pull/XmlPullParser;)I @ 9 c2
Event: 7.288 Thread 0x000001bd26596800 Uncommon trap: reason=unloaded action=reinterpret pc=0x000001bd36f5879c method=java.util.jar.JarFile.checkForSpecialAttributes()V @ 99 c2
Event: 7.294 Thread 0x000001bd26596800 Uncommon trap: reason=unloaded action=reinterpret pc=0x000001bd36f54098 method=java.util.jar.JarFile.checkForSpecialAttributes()V @ 99 c2
Event: 7.302 Thread 0x000001bd26596800 Uncommon trap: reason=unstable_if action=reinterpret pc=0x000001bd37091360 method=java.util.jar.JarFile.match([B[B[B[B)I @ 29 c2
Event: 7.302 Thread 0x000001bd26596800 Uncommon trap: reason=unstable_if action=reinterpret pc=0x000001bd36f59bf4 method=java.util.jar.JarFile.isMultiRelease()Z @ 4 c2
Event: 7.323 Thread 0x000001bd26596800 Uncommon trap: reason=bimorphic_or_optimized_type_check action=maybe_recompile pc=0x000001bd370860a0 method=java.util.regex.Matcher.match(II)Z @ 121 c2
Event: 7.364 Thread 0x000001bd26596800 Uncommon trap: reason=unstable_if action=reinterpret pc=0x000001bd36f67ec4 method=java.nio.Buffer.limit(I)Ljava/nio/Buffer; @ 42 c2
Event: 8.782 Thread 0x000001bd26596800 Uncommon trap: reason=class_check action=maybe_recompile pc=0x000001bd36f4d098 method=jdk.internal.loader.URLClassPath.getLoader(I)Ljdk/internal/loader/URLClassPath$Loader; @ 88 c2

Classes redefined (0 events):
No events

Internal exceptions (10 events):
Event: 8.002 Thread 0x000001bd26596800 Exception <a 'sun/nio/fs/WindowsException'{0x00000000a9cf6c10}> (0x00000000a9cf6c10) thrown at [./open/src/hotspot/share/prims/jni.cpp, line 611]
Event: 8.010 Thread 0x000001bd26596800 Exception <a 'sun/nio/fs/WindowsException'{0x00000000a9cf8660}> (0x00000000a9cf8660) thrown at [./open/src/hotspot/share/prims/jni.cpp, line 611]
Event: 8.053 Thread 0x000001bd26596800 Exception <a 'sun/nio/fs/WindowsException'{0x00000000a9b29cd0}> (0x00000000a9b29cd0) thrown at [./open/src/hotspot/share/prims/jni.cpp, line 611]
Event: 8.053 Thread 0x000001bd26596800 Exception <a 'sun/nio/fs/WindowsException'{0x00000000a9b2a000}> (0x00000000a9b2a000) thrown at [./open/src/hotspot/share/prims/jni.cpp, line 611]
Event: 8.055 Thread 0x000001bd26596800 Exception <a 'java/lang/NoSuchMethodError'{0x00000000a9b31d30}: java.lang.invoke.DirectMethodHandle$Holder.invokeVirtual(Ljava/lang/Object;Ljava/lang/Object;Ljava/lang/Object;)I> (0x00000000a9b31d30) thrown at [./open/src/hotspot/share/interpreter/linkRes
Event: 8.386 Thread 0x000001bd26596800 Exception <a 'java/lang/NoSuchMethodError'{0x00000000a9a48e50}: java.lang.invoke.DirectMethodHandle$Holder.invokeStaticInit(Ljava/lang/Object;Ljava/lang/Object;)I> (0x00000000a9a48e50) thrown at [./open/src/hotspot/share/interpreter/linkResolver.cpp, line
Event: 8.560 Thread 0x000001bd26596800 Exception <a 'java/lang/NoSuchMethodError'{0x00000000a9916a10}: java.lang.invoke.DirectMethodHandle$Holder.invokeVirtual(Ljava/lang/Object;Ljava/lang/Object;)I> (0x00000000a9916a10) thrown at [./open/src/hotspot/share/interpreter/linkResolver.cpp, line 77
Event: 8.574 Thread 0x000001bd26596800 Exception <a 'java/lang/NoSuchMethodError'{0x00000000a9945898}: java.lang.invoke.Invokers$Holder.linkToTargetMethod(Ljava/lang/Object;Ljava/lang/Object;Ljava/lang/Object;Ljava/lang/Object;Ljava/lang/Object;Ljava/lang/Object;)Ljava/lang/Object;> (0x0000000
Event: 8.610 Thread 0x000001bd26596800 Exception <a 'sun/nio/fs/WindowsException'{0x00000000a9971560}> (0x00000000a9971560) thrown at [./open/src/hotspot/share/prims/jni.cpp, line 611]
Event: 8.611 Thread 0x000001bd26596800 Exception <a 'sun/nio/fs/WindowsException'{0x00000000a99717b0}> (0x00000000a99717b0) thrown at [./open/src/hotspot/share/prims/jni.cpp, line 611]

Events (10 events):
Event: 8.758 loading class java/util/regex/Pattern$GroupCurly done
Event: 8.758 loading class java/util/regex/Pattern$StartS
Event: 8.758 loading class java/util/regex/Pattern$StartS done
Event: 8.778 loading class java/lang/UnsupportedClassVersionError
Event: 8.779 loading class java/lang/UnsupportedClassVersionError done
Event: 8.781 Thread 0x000001bd26596800 Uncommon trap: trap_request=0xffffffde fr.pc=0x000001bd36f4d098 relative=0x0000000000001178
Event: 8.781 Executing VM operation: RevokeBias
Event: 8.782 Executing VM operation: RevokeBias done
Event: 8.782 Thread 0x000001bd26596800 DEOPT PACKING pc=0x000001bd36f4d098 sp=0x000000ad52bfb3d0
Event: 8.782 Thread 0x000001bd26596800 DEOPT UNPACKING pc=0x000001bd2f48662f sp=0x000000ad52bfb3e0 mode 2


Dynamic libraries:
0x00007ff70e1c0000 - 0x00007ff70e1cf000 	C:\Program Files\Java\jdk-11.0.15\bin\java.exe
0x00007ffb43600000 - 0x00007ffb43809000 	C:\Windows\SYSTEM32\ntdll.dll
0x00007ffb41c40000 - 0x00007ffb41cfd000 	C:\Windows\System32\KERNEL32.DLL
0x00007ffb40d30000 - 0x00007ffb410ad000 	C:\Windows\System32\KERNELBASE.dll
0x00007ffb40c10000 - 0x00007ffb40d21000 	C:\Windows\System32\ucrtbase.dll
0x00007ffb3c600000 - 0x00007ffb3c618000 	C:\Program Files\Java\jdk-11.0.15\bin\jli.dll
0x00007ffb41910000 - 0x00007ffb419be000 	C:\Windows\System32\ADVAPI32.dll
0x00007ffb3c9d0000 - 0x00007ffb3c9e5000 	C:\Program Files\Java\jdk-11.0.15\bin\VCRUNTIME140.dll
0x00007ffb415b0000 - 0x00007ffb41653000 	C:\Windows\System32\msvcrt.dll
0x00007ffb41660000 - 0x00007ffb416fe000 	C:\Windows\System32\sechost.dll
0x00007ffb41490000 - 0x00007ffb415b0000 	C:\Windows\System32\RPCRT4.dll
0x00007ffb41700000 - 0x00007ffb418ad000 	C:\Windows\System32\USER32.dll
0x00007ffb411d0000 - 0x00007ffb411f6000 	C:\Windows\System32\win32u.dll
0x00007ffb25780000 - 0x00007ffb25a25000 	C:\Windows\WinSxS\amd64_microsoft.windows.common-controls_6595b64144ccf1df_6.0.22000.120_none_9d947278b86cc467\COMCTL32.dll
0x00007ffb41c10000 - 0x00007ffb41c39000 	C:\Windows\System32\GDI32.dll
0x00007ffb41200000 - 0x00007ffb41318000 	C:\Windows\System32\gdi32full.dll
0x00007ffb410b0000 - 0x00007ffb4114d000 	C:\Windows\System32\msvcp_win.dll
0x00007ffb31110000 - 0x00007ffb3111a000 	C:\Windows\SYSTEM32\VERSION.dll
0x00007ffb418d0000 - 0x00007ffb41901000 	C:\Windows\System32\IMM32.DLL
0x00007ffb108f0000 - 0x00007ffb1098b000 	C:\Program Files\Java\jdk-11.0.15\bin\msvcp140.dll
0x00007ffaf18a0000 - 0x00007ffaf23b6000 	C:\Program Files\Java\jdk-11.0.15\bin\server\jvm.dll
0x00007ffb419c0000 - 0x00007ffb419c8000 	C:\Windows\System32\PSAPI.DLL
0x00007ffb3d210000 - 0x00007ffb3d219000 	C:\Windows\SYSTEM32\WSOCK32.dll
0x00007ffb39870000 - 0x00007ffb398a3000 	C:\Windows\SYSTEM32\WINMM.dll
0x00007ffb41d90000 - 0x00007ffb41dff000 	C:\Windows\System32\ws2_32.DLL
0x00007ffb3fc90000 - 0x00007ffb3fca8000 	C:\Windows\SYSTEM32\kernel.appcore.dll
0x00007ffb39b80000 - 0x00007ffb39b90000 	C:\Program Files\Java\jdk-11.0.15\bin\verify.dll
0x00007ffb3e710000 - 0x00007ffb3e931000 	C:\Windows\SYSTEM32\DBGHELP.DLL
0x00007ffb29de0000 - 0x00007ffb29e11000 	C:\Windows\SYSTEM32\dbgcore.DLL
0x00007ffb41150000 - 0x00007ffb411cf000 	C:\Windows\System32\bcryptPrimitives.dll
0x00007ffb2ea20000 - 0x00007ffb2ea48000 	C:\Program Files\Java\jdk-11.0.15\bin\java.dll
0x00007ffb39990000 - 0x00007ffb3999a000 	C:\Program Files\Java\jdk-11.0.15\bin\jimage.dll
0x00007ffb39910000 - 0x00007ffb39926000 	C:\Program Files\Java\jdk-11.0.15\bin\zip.dll
0x00007ffb427d0000 - 0x00007ffb42f88000 	C:\Windows\System32\SHELL32.dll
0x00007ffb3eab0000 - 0x00007ffb3f318000 	C:\Windows\SYSTEM32\windows.storage.dll
0x00007ffb41e00000 - 0x00007ffb42179000 	C:\Windows\System32\combase.dll
0x00007ffb3e940000 - 0x00007ffb3eaa6000 	C:\Windows\SYSTEM32\wintypes.dll
0x00007ffb41ab0000 - 0x00007ffb41b9a000 	C:\Windows\System32\SHCORE.dll
0x00007ffb42180000 - 0x00007ffb421dd000 	C:\Windows\System32\shlwapi.dll
0x00007ffb40a10000 - 0x00007ffb40a31000 	C:\Windows\SYSTEM32\profapi.dll
0x00007ffb2eb50000 - 0x00007ffb2eb69000 	C:\Program Files\Java\jdk-11.0.15\bin\net.dll
0x00007ffb386f0000 - 0x00007ffb387fc000 	C:\Windows\SYSTEM32\WINHTTP.dll
0x00007ffb400c0000 - 0x00007ffb40127000 	C:\Windows\system32\mswsock.dll
0x00007ffb2eae0000 - 0x00007ffb2eaf2000 	C:\Program Files\Java\jdk-11.0.15\bin\nio.dll
0x0000000069ac0000 - 0x0000000069ae4000 	C:\java\tools\apache-maven-3.8.6\lib\jansi-native\Windows\x86_64\jansi.dll

dbghelp: loaded successfully - version: 4.0.5 - missing functions: none
symbol engine: initialized successfully - sym options: 0x614 - pdb path: .;C:\Program Files\Java\jdk-11.0.15\bin;C:\Windows\SYSTEM32;C:\Windows\WinSxS\amd64_microsoft.windows.common-controls_6595b64144ccf1df_6.0.22000.120_none_9d947278b86cc467;C:\Program Files\Java\jdk-11.0.15\bin\server;C:\java\tools\apache-maven-3.8.6\lib\jansi-native\Windows\x86_64

VM Arguments:
jvm_args: -Dclassworlds.conf=C:\java\tools\apache-maven-3.8.6\bin\m2.conf -Dmaven.home=C:\java\tools\apache-maven-3.8.6 -Dlibrary.jansi.path=C:\java\tools\apache-maven-3.8.6\lib\jansi-native -Dmaven.multiModuleProjectDirectory=C:\java-spring-boot\spring-examples\spring-boot-dockerization 
java_command: org.codehaus.plexus.classworlds.launcher.Launcher clean package
java_class_path (initial): C:\java\tools\apache-maven-3.8.6\boot\plexus-classworlds-2.6.0.jar
Launcher Type: SUN_STANDARD

[Global flags]
     intx CICompilerCount                          = 3                                         {product} {ergonomic}
     uint ConcGCThreads                            = 1                                         {product} {ergonomic}
     uint G1ConcRefinementThreads                  = 4                                         {product} {ergonomic}
   size_t G1HeapRegionSize                         = 1048576                                   {product} {ergonomic}
    uintx GCDrainStackTargetSize                   = 64                                        {product} {ergonomic}
   size_t InitialHeapSize                          = 98566144                                  {product} {ergonomic}
   size_t MarkStackSize                            = 4194304                                   {product} {ergonomic}
   size_t MaxHeapSize                              = 1562378240                                {product} {ergonomic}
   size_t MaxNewSize                               = 937426944                                 {product} {ergonomic}
   size_t MinHeapDeltaBytes                        = 1048576                                   {product} {ergonomic}
    uintx NonNMethodCodeHeapSize                   = 5830732                                {pd product} {ergonomic}
    uintx NonProfiledCodeHeapSize                  = 122913754                              {pd product} {ergonomic}
    uintx ProfiledCodeHeapSize                     = 122913754                              {pd product} {ergonomic}
    uintx ReservedCodeCacheSize                    = 251658240                              {pd product} {ergonomic}
     bool SegmentedCodeCache                       = true                                      {product} {ergonomic}
     bool UseCompressedClassPointers               = true                                 {lp64_product} {ergonomic}
     bool UseCompressedOops                        = true                                 {lp64_product} {ergonomic}
     bool UseG1GC                                  = true                                      {product} {ergonomic}
     bool UseLargePagesIndividualAllocation        = false                                  {pd product} {ergonomic}

Logging:
Log output configuration:
 #0: stdout all=warning uptime,level,tags
 #1: stderr all=off uptime,level,tags

Environment Variables:
PATH=C:\Python310\Scripts\;C:\Python310\;C:\Program Files\Common Files\Oracle\Java\javapath;C:\Windows\system32;C:\Windows;C:\Windows\System32\Wbem;C:\Windows\System32\WindowsPowerShell\v1.0\;C:\Windows\System32\OpenSSH\;C:\Program Files\Java\jdk-11.0.15\bin;C:\Program Files\Git\cmd;C:\Program Files\Docker\Docker\resources\bin;C:\ProgramData\DockerDesktop\version-bin;C:\ProgramData\chocolatey\bin;C:\Users\malidalgic\AppData\Roaming\nvm;C:\Program Files\nodejs;C:\java\tools\apache-maven-3.8.6\bin;C:\Users\malidalgic\AppData\Local\Microsoft\WindowsApps;C:\Users\malidalgic\AppData\Local\Programs\Microsoft VS Code\bin;C:\Users\malidalgic\AppData\Local\GitHubDesktop\bin;C:\src\flutter\bin;C:\Program Files\MongoDB\Server\6.0\bin;C:\Users\malidalgic\AppData\Roaming\npm;C:\Users\malidalgic\AppData\Roaming\nvm;C:\Program Files\nodejs
USERNAME=malidalgic
OS=Windows_NT
PROCESSOR_IDENTIFIER=Intel64 Family 6 Model 142 Stepping 9, GenuineIntel



---------------  S Y S T E M  ---------------

OS: Windows 11 , 64 bit Build 22000 (10.0.22000.708)
Hyper-V role detected

CPU:total 4 (initial active 4) (2 cores per cpu, 2 threads per core) family 6 model 142 stepping 9 microcode 0xde, cmov, cx8, fxsr, mmx, sse, sse2, sse3, ssse3, sse4.1, sse4.2, popcnt, avx, avx2, aes, clmul, erms, 3dnowpref, lzcnt, ht, tsc, tscinvbit, bmi1, bmi2, adx, fma

Memory: 4k page, system-wide physical 5954M (29M free)
TotalPageFile size 13954M (AvailPageFile size 12M)
current process WorkingSet (physical memory assigned to process): 163M, peak: 163M
current process commit charge ("private bytes"): 235M, peak: 236M

vm_info: Java HotSpot(TM) 64-Bit Server VM (11.0.15+8-LTS-149) for windows-amd64 JRE (11.0.15+8-LTS-149), built on Mar  9 2022 22:42:32 by "mach5one" with MS VC++ 15.9 (VS2017)

END.
